TN:
SF:/Users/kapaga/workspace/CodeCoverage/workspace/sourceCode/sample.js
FN:18,(anonymous_1)
FN:18,(anonymous_2)
FN:18,(anonymous_3)
FN:18,(anonymous_4)
FN:18,C
FN:19,E
FN:19,O
FN:19,(anonymous_8)
FN:19,K
FN:19,W
FN:19,va
FN:20,ib
FN:22,Y
FN:22,wa
FN:22,xa
FN:22,(anonymous_16)
FN:22,(anonymous_17)
FN:22,(anonymous_18)
FN:23,(anonymous_19)
FN:23,mb
FN:23,ya
FN:24,za
FN:25,Z
FN:25,Aa
FN:25,Ba
FN:25,nb
FN:26,Ca
FN:26,(anonymous_28)
FN:26,(anonymous_29)
FN:27,Da
FN:27,(anonymous_31)
FN:27,aa
FN:28,Fa
FN:28,ja
FN:28,(anonymous_35)
FN:28,Ga
FN:28,Ha
FN:29,sb
FN:29,F
FN:29,(anonymous_40)
FN:29,Ja
FN:30,la
FN:30,(anonymous_43)
FN:30,a
FN:30,(anonymous_45)
FN:31,(anonymous_46)
FN:32,(anonymous_47)
FN:34,(anonymous_48)
FN:34,(anonymous_49)
FN:34,(anonymous_50)
FN:34,(anonymous_51)
FN:34,(anonymous_52)
FN:35,(anonymous_53)
FN:35,(anonymous_54)
FN:35,(anonymous_55)
FN:35,(anonymous_56)
FN:35,(anonymous_57)
FN:35,(anonymous_58)
FN:35,(anonymous_59)
FN:35,(anonymous_60)
FN:36,(anonymous_61)
FN:36,(anonymous_62)
FN:37,(anonymous_63)
FN:37,(anonymous_64)
FN:37,(anonymous_65)
FN:38,(anonymous_66)
FN:38,(anonymous_67)
FN:38,(anonymous_68)
FN:38,(anonymous_69)
FN:38,(anonymous_70)
FN:38,(anonymous_71)
FN:39,(anonymous_72)
FN:39,(anonymous_73)
FN:39,(anonymous_74)
FN:40,(anonymous_75)
FN:40,(anonymous_76)
FN:40,(anonymous_77)
FN:40,(anonymous_78)
FN:40,(anonymous_79)
FN:40,(anonymous_80)
FN:41,(anonymous_81)
FN:41,(anonymous_82)
FN:41,(anonymous_83)
FN:41,(anonymous_84)
FN:42,(anonymous_85)
FN:42,(anonymous_86)
FN:42,(anonymous_87)
FN:43,(anonymous_88)
FN:43,(anonymous_89)
FN:43,(anonymous_90)
FN:44,(anonymous_91)
FN:44,(anonymous_92)
FN:44,(anonymous_93)
FN:44,(anonymous_94)
FN:44,a
FN:45,(anonymous_96)
FN:45,(anonymous_97)
FN:46,(anonymous_98)
FN:46,(anonymous_99)
FN:46,(anonymous_100)
FN:46,(anonymous_101)
FN:47,(anonymous_102)
FN:47,(anonymous_103)
FN:47,(anonymous_104)
FN:47,(anonymous_105)
FN:47,(anonymous_106)
FN:47,(anonymous_107)
FN:48,(anonymous_108)
FN:48,(anonymous_109)
FN:48,(anonymous_110)
FN:48,(anonymous_111)
FN:48,(anonymous_112)
FN:48,(anonymous_113)
FN:49,(anonymous_114)
FN:49,b
FN:49,(anonymous_116)
FN:50,(anonymous_117)
FN:52,(anonymous_118)
FN:56,(anonymous_119)
FN:56,(anonymous_120)
FN:57,(anonymous_121)
FN:58,(anonymous_122)
FN:58,(anonymous_123)
FN:58,(anonymous_124)
FN:59,(anonymous_125)
FN:60,(anonymous_126)
FN:60,(anonymous_127)
FN:60,(anonymous_128)
FN:60,(anonymous_129)
FN:60,(anonymous_130)
FN:60,(anonymous_131)
FN:61,(anonymous_132)
FN:61,(anonymous_133)
FN:61,(anonymous_134)
FN:61,(anonymous_135)
FN:62,(anonymous_136)
FN:62,(anonymous_137)
FN:62,(anonymous_138)
FN:62,(anonymous_139)
FN:62,(anonymous_140)
FN:62,(anonymous_141)
FN:62,(anonymous_142)
FN:62,d
FN:63,(anonymous_144)
FN:64,(anonymous_145)
FN:64,(anonymous_146)
FN:64,(anonymous_147)
FN:64,(anonymous_148)
FN:64,(anonymous_149)
FN:64,(anonymous_150)
FN:64,(anonymous_151)
FN:65,(anonymous_152)
FN:65,(anonymous_153)
FN:66,(anonymous_154)
FN:66,(anonymous_155)
FN:66,(anonymous_156)
FN:67,(anonymous_157)
FN:67,(anonymous_158)
FN:67,(anonymous_159)
FN:67,(anonymous_160)
FN:68,(anonymous_161)
FN:68,(anonymous_162)
FN:69,(anonymous_163)
FN:69,(anonymous_164)
FN:70,(anonymous_165)
FN:71,(anonymous_166)
FN:71,(anonymous_167)
FN:71,(anonymous_168)
FN:72,(anonymous_169)
FN:72,(anonymous_170)
FN:73,(anonymous_171)
FN:73,(anonymous_172)
FN:73,(anonymous_173)
FN:74,(anonymous_174)
FN:74,(anonymous_175)
FN:74,(anonymous_176)
FN:74,(anonymous_177)
FN:75,(anonymous_178)
FN:75,(anonymous_179)
FN:75,(anonymous_180)
FN:75,(anonymous_181)
FN:75,(anonymous_182)
FN:76,(anonymous_183)
FN:76,(anonymous_184)
FN:76,(anonymous_185)
FN:76,(anonymous_186)
FN:76,(anonymous_187)
FN:76,(anonymous_188)
FN:77,(anonymous_189)
FN:78,(anonymous_190)
FN:80,(anonymous_191)
FN:81,(anonymous_192)
FN:83,(anonymous_193)
FN:84,(anonymous_194)
FN:85,(anonymous_195)
FN:86,(anonymous_196)
FN:86,(anonymous_197)
FN:86,(anonymous_198)
FN:86,(anonymous_199)
FN:86,(anonymous_200)
FN:87,(anonymous_201)
FN:87,(anonymous_202)
FN:87,(anonymous_203)
FN:87,(anonymous_204)
FN:88,(anonymous_205)
FN:88,(anonymous_206)
FN:88,(anonymous_207)
FN:89,(anonymous_208)
FN:89,(anonymous_209)
FN:89,(anonymous_210)
FN:89,(anonymous_211)
FN:89,(anonymous_212)
FN:89,(anonymous_213)
FN:90,(anonymous_214)
FN:90,(anonymous_215)
FN:90,(anonymous_216)
FN:91,(anonymous_217)
FN:91,(anonymous_218)
FN:92,(anonymous_219)
FN:92,(anonymous_220)
FN:92,(anonymous_221)
FN:92,(anonymous_222)
FN:93,(anonymous_223)
FN:93,(anonymous_224)
FN:93,d
FN:94,(anonymous_226)
FN:94,(anonymous_227)
FN:94,(anonymous_228)
FN:94,(anonymous_229)
FN:94,(anonymous_230)
FN:95,(anonymous_231)
FN:95,(anonymous_232)
FN:95,(anonymous_233)
FN:95,(anonymous_234)
FN:95,(anonymous_235)
FN:95,(anonymous_236)
FN:96,(anonymous_237)
FN:96,(anonymous_238)
FN:96,(anonymous_239)
FN:96,(anonymous_240)
FN:96,(anonymous_241)
FN:98,(anonymous_242)
FN:98,(anonymous_243)
FN:98,(anonymous_244)
FN:98,a
FN:99,b
FN:100,(anonymous_247)
FN:100,(anonymous_248)
FN:102,(anonymous_249)
FN:103,(anonymous_250)
FN:103,(anonymous_251)
FN:103,(anonymous_252)
FN:104,(anonymous_253)
FN:105,(anonymous_254)
FN:106,(anonymous_255)
FN:106,(anonymous_256)
FN:106,(anonymous_257)
FN:107,(anonymous_258)
FN:107,(anonymous_259)
FN:107,(anonymous_260)
FN:108,(anonymous_261)
FN:108,(anonymous_262)
FN:108,(anonymous_263)
FN:109,(anonymous_264)
FN:109,(anonymous_265)
FN:109,(anonymous_266)
FN:109,(anonymous_267)
FN:110,(anonymous_268)
FN:110,(anonymous_269)
FN:111,(anonymous_270)
FN:111,(anonymous_271)
FN:111,(anonymous_272)
FN:111,(anonymous_273)
FN:111,(anonymous_274)
FN:111,(anonymous_275)
FN:111,(anonymous_276)
FN:111,(anonymous_277)
FN:111,(anonymous_278)
FN:111,(anonymous_279)
FN:112,(anonymous_280)
FN:112,(anonymous_281)
FN:112,(anonymous_282)
FN:112,(anonymous_283)
FN:112,(anonymous_284)
FN:113,(anonymous_285)
FN:113,(anonymous_286)
FN:113,(anonymous_287)
FN:113,(anonymous_288)
FN:113,(anonymous_289)
FN:113,(anonymous_290)
FN:113,(anonymous_291)
FN:114,(anonymous_292)
FN:114,(anonymous_293)
FN:114,(anonymous_294)
FN:114,(anonymous_295)
FN:114,(anonymous_296)
FN:114,(anonymous_297)
FN:114,(anonymous_298)
FN:114,(anonymous_299)
FN:115,(anonymous_300)
FN:116,(anonymous_301)
FN:116,(anonymous_302)
FN:116,(anonymous_303)
FN:117,(anonymous_304)
FN:117,(anonymous_305)
FN:117,(anonymous_306)
FN:118,(anonymous_307)
FN:118,(anonymous_308)
FN:118,(anonymous_309)
FN:119,(anonymous_310)
FN:119,(anonymous_311)
FN:120,(anonymous_312)
FN:120,(anonymous_313)
FN:121,(anonymous_314)
FN:121,(anonymous_315)
FN:121,(anonymous_316)
FN:122,(anonymous_317)
FN:122,(anonymous_318)
FN:122,(anonymous_319)
FN:124,(anonymous_320)
FN:124,(anonymous_321)
FN:125,(anonymous_322)
FN:126,(anonymous_323)
FN:126,(anonymous_324)
FN:126,(anonymous_325)
FN:126,(anonymous_326)
FN:126,(anonymous_327)
FN:126,(anonymous_328)
FN:127,(anonymous_329)
FN:128,(anonymous_330)
FN:128,(anonymous_331)
FN:128,(anonymous_332)
FN:128,(anonymous_333)
FN:129,(anonymous_334)
FN:129,(anonymous_335)
FN:129,(anonymous_336)
FN:130,(anonymous_337)
FN:130,(anonymous_338)
FN:131,(anonymous_339)
FN:131,(anonymous_340)
FN:131,(anonymous_341)
FN:131,(anonymous_342)
FN:131,(anonymous_343)
FN:131,(anonymous_344)
FN:131,(anonymous_345)
FN:131,(anonymous_346)
FN:132,(anonymous_347)
FN:132,(anonymous_348)
FN:132,(anonymous_349)
FN:132,(anonymous_350)
FN:132,(anonymous_351)
FN:132,(anonymous_352)
FN:132,(anonymous_353)
FN:133,(anonymous_354)
FN:133,(anonymous_355)
FN:133,(anonymous_356)
FN:134,(anonymous_357)
FN:136,(anonymous_358)
FN:136,(anonymous_359)
FN:136,(anonymous_360)
FN:136,(anonymous_361)
FN:136,(anonymous_362)
FN:137,(anonymous_363)
FN:137,(anonymous_364)
FN:137,(anonymous_365)
FN:137,(anonymous_366)
FN:137,(anonymous_367)
FN:137,(anonymous_368)
FN:137,(anonymous_369)
FN:137,(anonymous_370)
FN:138,(anonymous_371)
FN:138,(anonymous_372)
FN:138,(anonymous_373)
FN:138,(anonymous_374)
FN:138,(anonymous_375)
FN:138,(anonymous_376)
FN:139,(anonymous_377)
FN:139,(anonymous_378)
FN:139,(anonymous_379)
FN:140,(anonymous_380)
FN:140,(anonymous_381)
FN:140,(anonymous_382)
FN:140,(anonymous_383)
FN:141,(anonymous_384)
FN:141,(anonymous_385)
FN:141,(anonymous_386)
FN:142,(anonymous_387)
FN:142,(anonymous_388)
FN:142,(anonymous_389)
FN:142,(anonymous_390)
FN:143,(anonymous_391)
FN:144,(anonymous_392)
FN:144,(anonymous_393)
FN:145,(anonymous_394)
FN:145,(anonymous_395)
FN:148,(anonymous_396)
FN:149,(anonymous_397)
FN:149,(anonymous_398)
FN:150,(anonymous_399)
FN:150,(anonymous_400)
FN:151,(anonymous_401)
FN:151,(anonymous_402)
FN:152,(anonymous_403)
FN:152,(anonymous_404)
FN:152,(anonymous_405)
FN:152,(anonymous_406)
FN:152,(anonymous_407)
FN:152,(anonymous_408)
FN:153,(anonymous_409)
FN:153,(anonymous_410)
FN:153,(anonymous_411)
FN:154,(anonymous_412)
FN:154,(anonymous_413)
FN:155,(anonymous_414)
FN:155,(anonymous_415)
FN:156,(anonymous_416)
FN:157,(anonymous_417)
FN:157,(anonymous_418)
FN:157,(anonymous_419)
FN:157,(anonymous_420)
FN:157,(anonymous_421)
FN:158,(anonymous_422)
FN:158,(anonymous_423)
FN:158,(anonymous_424)
FN:158,(anonymous_425)
FN:158,(anonymous_426)
FN:159,(anonymous_427)
FN:159,(anonymous_428)
FN:159,(anonymous_429)
FN:159,(anonymous_430)
FN:159,(anonymous_431)
FN:160,(anonymous_432)
FN:160,d
FN:164,(anonymous_434)
FN:164,(anonymous_435)
FN:164,(anonymous_436)
FN:164,(anonymous_437)
FN:165,(anonymous_438)
FN:165,(anonymous_439)
FN:168,(anonymous_440)
FN:168,(anonymous_441)
FN:168,(anonymous_442)
FN:169,(anonymous_443)
FN:169,(anonymous_444)
FN:169,(anonymous_445)
FN:170,(anonymous_446)
FN:170,(anonymous_447)
FN:170,(anonymous_448)
FN:171,(anonymous_449)
FN:171,(anonymous_450)
FN:171,(anonymous_451)
FN:171,(anonymous_452)
FN:172,(anonymous_453)
FN:172,(anonymous_454)
FN:172,(anonymous_455)
FN:172,(anonymous_456)
FN:173,(anonymous_457)
FN:173,(anonymous_458)
FN:173,(anonymous_459)
FN:174,(anonymous_460)
FN:175,(anonymous_461)
FN:175,(anonymous_462)
FN:176,(anonymous_463)
FN:177,(anonymous_464)
FN:177,(anonymous_465)
FN:177,(anonymous_466)
FN:178,(anonymous_467)
FN:178,(anonymous_468)
FN:180,(anonymous_469)
FN:180,(anonymous_470)
FN:181,(anonymous_471)
FN:181,(anonymous_472)
FN:181,(anonymous_473)
FN:182,(anonymous_474)
FN:182,(anonymous_475)
FN:182,(anonymous_476)
FN:182,(anonymous_477)
FN:182,(anonymous_478)
FN:182,(anonymous_479)
FN:183,(anonymous_480)
FN:183,e
FN:183,(anonymous_482)
FN:184,(anonymous_483)
FN:184,(anonymous_484)
FN:185,(anonymous_485)
FN:186,(anonymous_486)
FN:186,(anonymous_487)
FN:186,(anonymous_488)
FN:186,(anonymous_489)
FN:186,(anonymous_490)
FN:187,(anonymous_491)
FN:187,(anonymous_492)
FN:187,(anonymous_493)
FN:188,(anonymous_494)
FN:188,(anonymous_495)
FN:190,(anonymous_496)
FN:192,(anonymous_497)
FN:193,(anonymous_498)
FN:194,(anonymous_499)
FN:194,(anonymous_500)
FN:194,(anonymous_501)
FN:195,(anonymous_502)
FN:195,(anonymous_503)
FN:195,(anonymous_504)
FN:195,(anonymous_505)
FN:196,(anonymous_506)
FN:196,(anonymous_507)
FN:196,(anonymous_508)
FN:196,(anonymous_509)
FN:197,(anonymous_510)
FN:200,(anonymous_511)
FN:200,(anonymous_512)
FN:200,(anonymous_513)
FN:200,(anonymous_514)
FN:200,g
FN:200,h
FN:200,(anonymous_517)
FN:200,c
FN:201,f
FN:201,(anonymous_520)
FN:201,n
FN:202,k
FN:202,p
FN:202,(anonymous_524)
FN:202,t
FN:202,q
FN:202,(anonymous_527)
FN:203,(anonymous_528)
FN:203,(anonymous_529)
FN:203,(anonymous_530)
FN:203,(anonymous_531)
FN:203,(anonymous_532)
FN:203,(anonymous_533)
FN:204,(anonymous_534)
FN:204,g
FN:204,(anonymous_536)
FN:204,(anonymous_537)
FN:204,(anonymous_538)
FN:204,(anonymous_539)
FN:204,(anonymous_540)
FN:204,(anonymous_541)
FN:204,(anonymous_542)
FN:205,(anonymous_543)
FN:205,(anonymous_544)
FNF:544
FNH:1
FNDA:1,(anonymous_1)
FNDA:0,(anonymous_2)
FNDA:0,(anonymous_3)
FNDA:0,(anonymous_4)
FNDA:0,C
FNDA:0,E
FNDA:0,O
FNDA:0,(anonymous_8)
FNDA:0,K
FNDA:0,W
FNDA:0,va
FNDA:0,ib
FNDA:0,Y
FNDA:0,wa
FNDA:0,xa
FNDA:0,(anonymous_16)
FNDA:0,(anonymous_17)
FNDA:0,(anonymous_18)
FNDA:0,(anonymous_19)
FNDA:0,mb
FNDA:0,ya
FNDA:0,za
FNDA:0,Z
FNDA:0,Aa
FNDA:0,Ba
FNDA:0,nb
FNDA:0,Ca
FNDA:0,(anonymous_28)
FNDA:0,(anonymous_29)
FNDA:0,Da
FNDA:0,(anonymous_31)
FNDA:0,aa
FNDA:0,Fa
FNDA:0,ja
FNDA:0,(anonymous_35)
FNDA:0,Ga
FNDA:0,Ha
FNDA:0,sb
FNDA:0,F
FNDA:0,(anonymous_40)
FNDA:0,Ja
FNDA:0,la
FNDA:0,(anonymous_43)
FNDA:0,a
FNDA:0,(anonymous_45)
FNDA:0,(anonymous_46)
FNDA:0,(anonymous_47)
FNDA:0,(anonymous_48)
FNDA:0,(anonymous_49)
FNDA:0,(anonymous_50)
FNDA:0,(anonymous_51)
FNDA:0,(anonymous_52)
FNDA:0,(anonymous_53)
FNDA:0,(anonymous_54)
FNDA:0,(anonymous_55)
FNDA:0,(anonymous_56)
FNDA:0,(anonymous_57)
FNDA:0,(anonymous_58)
FNDA:0,(anonymous_59)
FNDA:0,(anonymous_60)
FNDA:0,(anonymous_61)
FNDA:0,(anonymous_62)
FNDA:0,(anonymous_63)
FNDA:0,(anonymous_64)
FNDA:0,(anonymous_65)
FNDA:0,(anonymous_66)
FNDA:0,(anonymous_67)
FNDA:0,(anonymous_68)
FNDA:0,(anonymous_69)
FNDA:0,(anonymous_70)
FNDA:0,(anonymous_71)
FNDA:0,(anonymous_72)
FNDA:0,(anonymous_73)
FNDA:0,(anonymous_74)
FNDA:0,(anonymous_75)
FNDA:0,(anonymous_76)
FNDA:0,(anonymous_77)
FNDA:0,(anonymous_78)
FNDA:0,(anonymous_79)
FNDA:0,(anonymous_80)
FNDA:0,(anonymous_81)
FNDA:0,(anonymous_82)
FNDA:0,(anonymous_83)
FNDA:0,(anonymous_84)
FNDA:0,(anonymous_85)
FNDA:0,(anonymous_86)
FNDA:0,(anonymous_87)
FNDA:0,(anonymous_88)
FNDA:0,(anonymous_89)
FNDA:0,(anonymous_90)
FNDA:0,(anonymous_91)
FNDA:0,(anonymous_92)
FNDA:0,(anonymous_93)
FNDA:0,(anonymous_94)
FNDA:0,a
FNDA:0,(anonymous_96)
FNDA:0,(anonymous_97)
FNDA:0,(anonymous_98)
FNDA:0,(anonymous_99)
FNDA:0,(anonymous_100)
FNDA:0,(anonymous_101)
FNDA:0,(anonymous_102)
FNDA:0,(anonymous_103)
FNDA:0,(anonymous_104)
FNDA:0,(anonymous_105)
FNDA:0,(anonymous_106)
FNDA:0,(anonymous_107)
FNDA:0,(anonymous_108)
FNDA:0,(anonymous_109)
FNDA:0,(anonymous_110)
FNDA:0,(anonymous_111)
FNDA:0,(anonymous_112)
FNDA:0,(anonymous_113)
FNDA:0,(anonymous_114)
FNDA:0,b
FNDA:0,(anonymous_116)
FNDA:0,(anonymous_117)
FNDA:0,(anonymous_118)
FNDA:0,(anonymous_119)
FNDA:0,(anonymous_120)
FNDA:0,(anonymous_121)
FNDA:0,(anonymous_122)
FNDA:0,(anonymous_123)
FNDA:0,(anonymous_124)
FNDA:0,(anonymous_125)
FNDA:0,(anonymous_126)
FNDA:0,(anonymous_127)
FNDA:0,(anonymous_128)
FNDA:0,(anonymous_129)
FNDA:0,(anonymous_130)
FNDA:0,(anonymous_131)
FNDA:0,(anonymous_132)
FNDA:0,(anonymous_133)
FNDA:0,(anonymous_134)
FNDA:0,(anonymous_135)
FNDA:0,(anonymous_136)
FNDA:0,(anonymous_137)
FNDA:0,(anonymous_138)
FNDA:0,(anonymous_139)
FNDA:0,(anonymous_140)
FNDA:0,(anonymous_141)
FNDA:0,(anonymous_142)
FNDA:0,d
FNDA:0,(anonymous_144)
FNDA:0,(anonymous_145)
FNDA:0,(anonymous_146)
FNDA:0,(anonymous_147)
FNDA:0,(anonymous_148)
FNDA:0,(anonymous_149)
FNDA:0,(anonymous_150)
FNDA:0,(anonymous_151)
FNDA:0,(anonymous_152)
FNDA:0,(anonymous_153)
FNDA:0,(anonymous_154)
FNDA:0,(anonymous_155)
FNDA:0,(anonymous_156)
FNDA:0,(anonymous_157)
FNDA:0,(anonymous_158)
FNDA:0,(anonymous_159)
FNDA:0,(anonymous_160)
FNDA:0,(anonymous_161)
FNDA:0,(anonymous_162)
FNDA:0,(anonymous_163)
FNDA:0,(anonymous_164)
FNDA:0,(anonymous_165)
FNDA:0,(anonymous_166)
FNDA:0,(anonymous_167)
FNDA:0,(anonymous_168)
FNDA:0,(anonymous_169)
FNDA:0,(anonymous_170)
FNDA:0,(anonymous_171)
FNDA:0,(anonymous_172)
FNDA:0,(anonymous_173)
FNDA:0,(anonymous_174)
FNDA:0,(anonymous_175)
FNDA:0,(anonymous_176)
FNDA:0,(anonymous_177)
FNDA:0,(anonymous_178)
FNDA:0,(anonymous_179)
FNDA:0,(anonymous_180)
FNDA:0,(anonymous_181)
FNDA:0,(anonymous_182)
FNDA:0,(anonymous_183)
FNDA:0,(anonymous_184)
FNDA:0,(anonymous_185)
FNDA:0,(anonymous_186)
FNDA:0,(anonymous_187)
FNDA:0,(anonymous_188)
FNDA:0,(anonymous_189)
FNDA:0,(anonymous_190)
FNDA:0,(anonymous_191)
FNDA:0,(anonymous_192)
FNDA:0,(anonymous_193)
FNDA:0,(anonymous_194)
FNDA:0,(anonymous_195)
FNDA:0,(anonymous_196)
FNDA:0,(anonymous_197)
FNDA:0,(anonymous_198)
FNDA:0,(anonymous_199)
FNDA:0,(anonymous_200)
FNDA:0,(anonymous_201)
FNDA:0,(anonymous_202)
FNDA:0,(anonymous_203)
FNDA:0,(anonymous_204)
FNDA:0,(anonymous_205)
FNDA:0,(anonymous_206)
FNDA:0,(anonymous_207)
FNDA:0,(anonymous_208)
FNDA:0,(anonymous_209)
FNDA:0,(anonymous_210)
FNDA:0,(anonymous_211)
FNDA:0,(anonymous_212)
FNDA:0,(anonymous_213)
FNDA:0,(anonymous_214)
FNDA:0,(anonymous_215)
FNDA:0,(anonymous_216)
FNDA:0,(anonymous_217)
FNDA:0,(anonymous_218)
FNDA:0,(anonymous_219)
FNDA:0,(anonymous_220)
FNDA:0,(anonymous_221)
FNDA:0,(anonymous_222)
FNDA:0,(anonymous_223)
FNDA:0,(anonymous_224)
FNDA:0,d
FNDA:0,(anonymous_226)
FNDA:0,(anonymous_227)
FNDA:0,(anonymous_228)
FNDA:0,(anonymous_229)
FNDA:0,(anonymous_230)
FNDA:0,(anonymous_231)
FNDA:0,(anonymous_232)
FNDA:0,(anonymous_233)
FNDA:0,(anonymous_234)
FNDA:0,(anonymous_235)
FNDA:0,(anonymous_236)
FNDA:0,(anonymous_237)
FNDA:0,(anonymous_238)
FNDA:0,(anonymous_239)
FNDA:0,(anonymous_240)
FNDA:0,(anonymous_241)
FNDA:0,(anonymous_242)
FNDA:0,(anonymous_243)
FNDA:0,(anonymous_244)
FNDA:0,a
FNDA:0,b
FNDA:0,(anonymous_247)
FNDA:0,(anonymous_248)
FNDA:0,(anonymous_249)
FNDA:0,(anonymous_250)
FNDA:0,(anonymous_251)
FNDA:0,(anonymous_252)
FNDA:0,(anonymous_253)
FNDA:0,(anonymous_254)
FNDA:0,(anonymous_255)
FNDA:0,(anonymous_256)
FNDA:0,(anonymous_257)
FNDA:0,(anonymous_258)
FNDA:0,(anonymous_259)
FNDA:0,(anonymous_260)
FNDA:0,(anonymous_261)
FNDA:0,(anonymous_262)
FNDA:0,(anonymous_263)
FNDA:0,(anonymous_264)
FNDA:0,(anonymous_265)
FNDA:0,(anonymous_266)
FNDA:0,(anonymous_267)
FNDA:0,(anonymous_268)
FNDA:0,(anonymous_269)
FNDA:0,(anonymous_270)
FNDA:0,(anonymous_271)
FNDA:0,(anonymous_272)
FNDA:0,(anonymous_273)
FNDA:0,(anonymous_274)
FNDA:0,(anonymous_275)
FNDA:0,(anonymous_276)
FNDA:0,(anonymous_277)
FNDA:0,(anonymous_278)
FNDA:0,(anonymous_279)
FNDA:0,(anonymous_280)
FNDA:0,(anonymous_281)
FNDA:0,(anonymous_282)
FNDA:0,(anonymous_283)
FNDA:0,(anonymous_284)
FNDA:0,(anonymous_285)
FNDA:0,(anonymous_286)
FNDA:0,(anonymous_287)
FNDA:0,(anonymous_288)
FNDA:0,(anonymous_289)
FNDA:0,(anonymous_290)
FNDA:0,(anonymous_291)
FNDA:0,(anonymous_292)
FNDA:0,(anonymous_293)
FNDA:0,(anonymous_294)
FNDA:0,(anonymous_295)
FNDA:0,(anonymous_296)
FNDA:0,(anonymous_297)
FNDA:0,(anonymous_298)
FNDA:0,(anonymous_299)
FNDA:0,(anonymous_300)
FNDA:0,(anonymous_301)
FNDA:0,(anonymous_302)
FNDA:0,(anonymous_303)
FNDA:0,(anonymous_304)
FNDA:0,(anonymous_305)
FNDA:0,(anonymous_306)
FNDA:0,(anonymous_307)
FNDA:0,(anonymous_308)
FNDA:0,(anonymous_309)
FNDA:0,(anonymous_310)
FNDA:0,(anonymous_311)
FNDA:0,(anonymous_312)
FNDA:0,(anonymous_313)
FNDA:0,(anonymous_314)
FNDA:0,(anonymous_315)
FNDA:0,(anonymous_316)
FNDA:0,(anonymous_317)
FNDA:0,(anonymous_318)
FNDA:0,(anonymous_319)
FNDA:0,(anonymous_320)
FNDA:0,(anonymous_321)
FNDA:0,(anonymous_322)
FNDA:0,(anonymous_323)
FNDA:0,(anonymous_324)
FNDA:0,(anonymous_325)
FNDA:0,(anonymous_326)
FNDA:0,(anonymous_327)
FNDA:0,(anonymous_328)
FNDA:0,(anonymous_329)
FNDA:0,(anonymous_330)
FNDA:0,(anonymous_331)
FNDA:0,(anonymous_332)
FNDA:0,(anonymous_333)
FNDA:0,(anonymous_334)
FNDA:0,(anonymous_335)
FNDA:0,(anonymous_336)
FNDA:0,(anonymous_337)
FNDA:0,(anonymous_338)
FNDA:0,(anonymous_339)
FNDA:0,(anonymous_340)
FNDA:0,(anonymous_341)
FNDA:0,(anonymous_342)
FNDA:0,(anonymous_343)
FNDA:0,(anonymous_344)
FNDA:0,(anonymous_345)
FNDA:0,(anonymous_346)
FNDA:0,(anonymous_347)
FNDA:0,(anonymous_348)
FNDA:0,(anonymous_349)
FNDA:0,(anonymous_350)
FNDA:0,(anonymous_351)
FNDA:0,(anonymous_352)
FNDA:0,(anonymous_353)
FNDA:0,(anonymous_354)
FNDA:0,(anonymous_355)
FNDA:0,(anonymous_356)
FNDA:0,(anonymous_357)
FNDA:0,(anonymous_358)
FNDA:0,(anonymous_359)
FNDA:0,(anonymous_360)
FNDA:0,(anonymous_361)
FNDA:0,(anonymous_362)
FNDA:0,(anonymous_363)
FNDA:0,(anonymous_364)
FNDA:0,(anonymous_365)
FNDA:0,(anonymous_366)
FNDA:0,(anonymous_367)
FNDA:0,(anonymous_368)
FNDA:0,(anonymous_369)
FNDA:0,(anonymous_370)
FNDA:0,(anonymous_371)
FNDA:0,(anonymous_372)
FNDA:0,(anonymous_373)
FNDA:0,(anonymous_374)
FNDA:0,(anonymous_375)
FNDA:0,(anonymous_376)
FNDA:0,(anonymous_377)
FNDA:0,(anonymous_378)
FNDA:0,(anonymous_379)
FNDA:0,(anonymous_380)
FNDA:0,(anonymous_381)
FNDA:0,(anonymous_382)
FNDA:0,(anonymous_383)
FNDA:0,(anonymous_384)
FNDA:0,(anonymous_385)
FNDA:0,(anonymous_386)
FNDA:0,(anonymous_387)
FNDA:0,(anonymous_388)
FNDA:0,(anonymous_389)
FNDA:0,(anonymous_390)
FNDA:0,(anonymous_391)
FNDA:0,(anonymous_392)
FNDA:0,(anonymous_393)
FNDA:0,(anonymous_394)
FNDA:0,(anonymous_395)
FNDA:0,(anonymous_396)
FNDA:0,(anonymous_397)
FNDA:0,(anonymous_398)
FNDA:0,(anonymous_399)
FNDA:0,(anonymous_400)
FNDA:0,(anonymous_401)
FNDA:0,(anonymous_402)
FNDA:0,(anonymous_403)
FNDA:0,(anonymous_404)
FNDA:0,(anonymous_405)
FNDA:0,(anonymous_406)
FNDA:0,(anonymous_407)
FNDA:0,(anonymous_408)
FNDA:0,(anonymous_409)
FNDA:0,(anonymous_410)
FNDA:0,(anonymous_411)
FNDA:0,(anonymous_412)
FNDA:0,(anonymous_413)
FNDA:0,(anonymous_414)
FNDA:0,(anonymous_415)
FNDA:0,(anonymous_416)
FNDA:0,(anonymous_417)
FNDA:0,(anonymous_418)
FNDA:0,(anonymous_419)
FNDA:0,(anonymous_420)
FNDA:0,(anonymous_421)
FNDA:0,(anonymous_422)
FNDA:0,(anonymous_423)
FNDA:0,(anonymous_424)
FNDA:0,(anonymous_425)
FNDA:0,(anonymous_426)
FNDA:0,(anonymous_427)
FNDA:0,(anonymous_428)
FNDA:0,(anonymous_429)
FNDA:0,(anonymous_430)
FNDA:0,(anonymous_431)
FNDA:0,(anonymous_432)
FNDA:0,d
FNDA:0,(anonymous_434)
FNDA:0,(anonymous_435)
FNDA:0,(anonymous_436)
FNDA:0,(anonymous_437)
FNDA:0,(anonymous_438)
FNDA:0,(anonymous_439)
FNDA:0,(anonymous_440)
FNDA:0,(anonymous_441)
FNDA:0,(anonymous_442)
FNDA:0,(anonymous_443)
FNDA:0,(anonymous_444)
FNDA:0,(anonymous_445)
FNDA:0,(anonymous_446)
FNDA:0,(anonymous_447)
FNDA:0,(anonymous_448)
FNDA:0,(anonymous_449)
FNDA:0,(anonymous_450)
FNDA:0,(anonymous_451)
FNDA:0,(anonymous_452)
FNDA:0,(anonymous_453)
FNDA:0,(anonymous_454)
FNDA:0,(anonymous_455)
FNDA:0,(anonymous_456)
FNDA:0,(anonymous_457)
FNDA:0,(anonymous_458)
FNDA:0,(anonymous_459)
FNDA:0,(anonymous_460)
FNDA:0,(anonymous_461)
FNDA:0,(anonymous_462)
FNDA:0,(anonymous_463)
FNDA:0,(anonymous_464)
FNDA:0,(anonymous_465)
FNDA:0,(anonymous_466)
FNDA:0,(anonymous_467)
FNDA:0,(anonymous_468)
FNDA:0,(anonymous_469)
FNDA:0,(anonymous_470)
FNDA:0,(anonymous_471)
FNDA:0,(anonymous_472)
FNDA:0,(anonymous_473)
FNDA:0,(anonymous_474)
FNDA:0,(anonymous_475)
FNDA:0,(anonymous_476)
FNDA:0,(anonymous_477)
FNDA:0,(anonymous_478)
FNDA:0,(anonymous_479)
FNDA:0,(anonymous_480)
FNDA:0,e
FNDA:0,(anonymous_482)
FNDA:0,(anonymous_483)
FNDA:0,(anonymous_484)
FNDA:0,(anonymous_485)
FNDA:0,(anonymous_486)
FNDA:0,(anonymous_487)
FNDA:0,(anonymous_488)
FNDA:0,(anonymous_489)
FNDA:0,(anonymous_490)
FNDA:0,(anonymous_491)
FNDA:0,(anonymous_492)
FNDA:0,(anonymous_493)
FNDA:0,(anonymous_494)
FNDA:0,(anonymous_495)
FNDA:0,(anonymous_496)
FNDA:0,(anonymous_497)
FNDA:0,(anonymous_498)
FNDA:0,(anonymous_499)
FNDA:0,(anonymous_500)
FNDA:0,(anonymous_501)
FNDA:0,(anonymous_502)
FNDA:0,(anonymous_503)
FNDA:0,(anonymous_504)
FNDA:0,(anonymous_505)
FNDA:0,(anonymous_506)
FNDA:0,(anonymous_507)
FNDA:0,(anonymous_508)
FNDA:0,(anonymous_509)
FNDA:0,(anonymous_510)
FNDA:0,(anonymous_511)
FNDA:0,(anonymous_512)
FNDA:0,(anonymous_513)
FNDA:0,(anonymous_514)
FNDA:0,g
FNDA:0,h
FNDA:0,(anonymous_517)
FNDA:0,c
FNDA:0,f
FNDA:0,(anonymous_520)
FNDA:0,n
FNDA:0,k
FNDA:0,p
FNDA:0,(anonymous_524)
FNDA:0,t
FNDA:0,q
FNDA:0,(anonymous_527)
FNDA:0,(anonymous_528)
FNDA:0,(anonymous_529)
FNDA:0,(anonymous_530)
FNDA:0,(anonymous_531)
FNDA:0,(anonymous_532)
FNDA:0,(anonymous_533)
FNDA:0,(anonymous_534)
FNDA:0,g
FNDA:0,(anonymous_536)
FNDA:0,(anonymous_537)
FNDA:0,(anonymous_538)
FNDA:0,(anonymous_539)
FNDA:0,(anonymous_540)
FNDA:0,(anonymous_541)
FNDA:0,(anonymous_542)
FNDA:0,(anonymous_543)
FNDA:0,(anonymous_544)
DA:18,1
DA:19,1
DA:20,1
DA:21,0
DA:22,1
DA:23,1
DA:24,1
DA:25,1
DA:26,1
DA:27,1
DA:28,1
DA:29,1
DA:30,1
DA:31,0
DA:32,0
DA:33,0
DA:34,0
DA:35,0
DA:36,0
DA:37,0
DA:38,0
DA:39,0
DA:40,0
DA:41,0
DA:42,0
DA:43,0
DA:44,1
DA:45,0
DA:46,0
DA:47,0
DA:48,0
DA:49,1
DA:50,0
DA:51,0
DA:52,0
DA:53,0
DA:54,0
DA:55,0
DA:56,0
DA:57,0
DA:58,0
DA:59,0
DA:60,0
DA:61,0
DA:62,1
DA:63,0
DA:64,0
DA:65,0
DA:66,0
DA:67,0
DA:68,0
DA:69,0
DA:70,0
DA:71,0
DA:72,0
DA:73,0
DA:74,0
DA:75,0
DA:76,0
DA:77,0
DA:78,0
DA:79,0
DA:80,0
DA:81,0
DA:82,0
DA:83,0
DA:84,0
DA:85,0
DA:86,0
DA:87,0
DA:88,0
DA:89,0
DA:90,0
DA:91,0
DA:92,0
DA:93,1
DA:94,0
DA:95,0
DA:96,0
DA:97,0
DA:98,1
DA:99,1
DA:100,0
DA:101,0
DA:102,0
DA:103,0
DA:104,0
DA:105,0
DA:106,0
DA:107,0
DA:108,0
DA:109,0
DA:110,0
DA:111,0
DA:112,0
DA:113,0
DA:114,0
DA:115,0
DA:116,0
DA:117,0
DA:118,0
DA:119,0
DA:120,0
DA:121,0
DA:122,0
DA:123,0
DA:124,0
DA:125,0
DA:126,0
DA:127,0
DA:128,0
DA:129,0
DA:130,0
DA:131,0
DA:132,0
DA:133,0
DA:134,0
DA:135,0
DA:136,0
DA:137,0
DA:138,0
DA:139,0
DA:140,0
DA:141,0
DA:142,0
DA:143,0
DA:144,0
DA:145,0
DA:146,0
DA:147,0
DA:148,0
DA:149,0
DA:150,0
DA:151,0
DA:152,0
DA:153,0
DA:154,0
DA:155,0
DA:156,0
DA:157,0
DA:158,0
DA:159,0
DA:160,1
DA:161,0
DA:162,0
DA:163,0
DA:164,0
DA:165,0
DA:166,0
DA:167,0
DA:168,0
DA:169,0
DA:170,0
DA:171,0
DA:172,0
DA:173,0
DA:174,0
DA:175,0
DA:176,0
DA:177,0
DA:178,0
DA:179,0
DA:180,0
DA:181,0
DA:182,0
DA:183,1
DA:184,0
DA:185,0
DA:186,0
DA:187,0
DA:188,0
DA:189,0
DA:190,0
DA:191,0
DA:192,0
DA:193,0
DA:194,0
DA:195,0
DA:196,0
DA:197,0
DA:198,0
DA:200,1
DA:201,1
DA:202,1
DA:203,0
DA:204,1
DA:205,0
LF:187
LH:24
BRDA:18,1,0,1
BRDA:18,1,1,0
BRDA:18,2,0,0
BRDA:18,2,1,0
BRDA:18,3,0,0
BRDA:18,3,1,0
BRDA:18,4,0,0
BRDA:18,4,1,0
BRDA:18,5,0,0
BRDA:18,5,1,0
BRDA:18,5,2,0
BRDA:18,6,0,0
BRDA:18,6,1,0
BRDA:18,7,0,0
BRDA:18,7,1,0
BRDA:18,8,0,0
BRDA:18,8,1,0
BRDA:18,9,0,0
BRDA:18,9,1,0
BRDA:18,10,0,0
BRDA:18,10,1,0
BRDA:18,11,0,0
BRDA:18,11,1,0
BRDA:18,12,0,0
BRDA:18,12,1,0
BRDA:18,13,0,0
BRDA:18,13,1,0
BRDA:19,14,0,0
BRDA:19,14,1,0
BRDA:19,15,0,0
BRDA:19,15,1,0
BRDA:19,15,2,0
BRDA:19,15,3,0
BRDA:19,15,4,0
BRDA:19,15,5,0
BRDA:19,16,0,0
BRDA:19,16,1,0
BRDA:19,16,2,0
BRDA:20,17,0,0
BRDA:20,17,1,0
BRDA:20,18,0,0
BRDA:20,18,1,0
BRDA:20,19,0,0
BRDA:20,19,1,0
BRDA:20,19,2,0
BRDA:20,19,3,0
BRDA:20,19,4,0
BRDA:20,19,5,0
BRDA:20,20,0,0
BRDA:20,20,1,0
BRDA:20,21,0,0
BRDA:20,21,1,0
BRDA:21,22,0,0
BRDA:21,22,1,0
BRDA:21,23,0,0
BRDA:21,23,1,0
BRDA:21,23,2,0
BRDA:21,23,3,0
BRDA:21,24,0,0
BRDA:21,24,1,0
BRDA:21,25,0,0
BRDA:21,25,1,0
BRDA:21,26,0,0
BRDA:21,26,1,0
BRDA:21,26,2,0
BRDA:21,27,0,0
BRDA:21,27,1,0
BRDA:21,27,2,0
BRDA:21,28,0,0
BRDA:21,28,1,0
BRDA:21,29,0,0
BRDA:21,29,1,0
BRDA:22,30,0,0
BRDA:22,30,1,0
BRDA:22,31,0,0
BRDA:22,31,1,0
BRDA:22,32,0,0
BRDA:22,32,1,0
BRDA:22,33,0,0
BRDA:22,33,1,0
BRDA:22,34,0,0
BRDA:22,34,1,0
BRDA:22,35,0,0
BRDA:22,35,1,0
BRDA:22,36,0,0
BRDA:22,36,1,0
BRDA:22,36,2,0
BRDA:22,37,0,0
BRDA:22,37,1,0
BRDA:22,38,0,0
BRDA:22,38,1,0
BRDA:22,39,0,0
BRDA:22,39,1,0
BRDA:22,40,0,0
BRDA:22,40,1,0
BRDA:23,41,0,0
BRDA:23,41,1,0
BRDA:23,42,0,0
BRDA:23,42,1,0
BRDA:23,43,0,0
BRDA:23,43,1,0
BRDA:23,44,0,0
BRDA:23,44,1,0
BRDA:23,45,0,0
BRDA:23,45,1,0
BRDA:23,46,0,0
BRDA:23,46,1,0
BRDA:23,47,0,0
BRDA:23,47,1,0
BRDA:23,48,0,0
BRDA:23,48,1,0
BRDA:24,49,0,0
BRDA:24,49,1,0
BRDA:24,50,0,0
BRDA:24,50,1,0
BRDA:24,51,0,0
BRDA:24,51,1,0
BRDA:24,52,0,0
BRDA:24,52,1,0
BRDA:24,53,0,0
BRDA:24,53,1,0
BRDA:24,54,0,0
BRDA:24,54,1,0
BRDA:24,54,2,0
BRDA:24,55,0,0
BRDA:24,55,1,0
BRDA:24,56,0,0
BRDA:24,56,1,0
BRDA:24,57,0,0
BRDA:24,57,1,0
BRDA:24,58,0,0
BRDA:24,58,1,0
BRDA:24,59,0,0
BRDA:24,59,1,0
BRDA:25,60,0,0
BRDA:25,60,1,0
BRDA:25,61,0,0
BRDA:25,61,1,0
BRDA:25,62,0,0
BRDA:25,62,1,0
BRDA:25,63,0,0
BRDA:25,63,1,0
BRDA:25,64,0,0
BRDA:25,64,1,0
BRDA:25,65,0,0
BRDA:25,65,1,0
BRDA:25,66,0,0
BRDA:25,66,1,0
BRDA:25,67,0,0
BRDA:25,67,1,0
BRDA:25,67,2,0
BRDA:25,67,3,0
BRDA:25,68,0,0
BRDA:25,68,1,0
BRDA:26,69,0,0
BRDA:26,69,1,0
BRDA:26,70,0,0
BRDA:26,70,1,0
BRDA:26,71,0,0
BRDA:26,71,1,0
BRDA:26,72,0,0
BRDA:26,72,1,0
BRDA:26,73,0,0
BRDA:26,73,1,0
BRDA:26,74,0,0
BRDA:26,74,1,0
BRDA:26,75,0,0
BRDA:26,75,1,0
BRDA:26,76,0,0
BRDA:26,76,1,0
BRDA:26,77,0,0
BRDA:26,77,1,0
BRDA:26,78,0,0
BRDA:26,78,1,0
BRDA:26,79,0,0
BRDA:26,79,1,0
BRDA:26,80,0,0
BRDA:26,80,1,0
BRDA:26,81,0,0
BRDA:26,81,1,0
BRDA:26,82,0,0
BRDA:26,82,1,0
BRDA:26,83,0,0
BRDA:26,83,1,0
BRDA:26,84,0,0
BRDA:26,84,1,0
BRDA:26,85,0,0
BRDA:26,85,1,0
BRDA:27,86,0,0
BRDA:27,86,1,0
BRDA:27,87,0,0
BRDA:27,87,1,0
BRDA:27,88,0,0
BRDA:27,88,1,0
BRDA:27,89,0,0
BRDA:27,89,1,0
BRDA:27,90,0,0
BRDA:27,90,1,0
BRDA:27,91,0,0
BRDA:27,91,1,0
BRDA:27,92,0,0
BRDA:27,92,1,0
BRDA:27,93,0,0
BRDA:27,93,1,0
BRDA:27,94,0,0
BRDA:27,94,1,0
BRDA:27,95,0,0
BRDA:27,95,1,0
BRDA:27,96,0,0
BRDA:27,96,1,0
BRDA:27,96,2,0
BRDA:27,97,0,0
BRDA:27,97,1,0
BRDA:27,98,0,0
BRDA:27,98,1,0
BRDA:27,99,0,0
BRDA:27,99,1,0
BRDA:28,100,0,0
BRDA:28,100,1,0
BRDA:28,100,2,0
BRDA:28,100,3,0
BRDA:28,101,0,0
BRDA:28,101,1,0
BRDA:28,102,0,0
BRDA:28,102,1,0
BRDA:28,103,0,0
BRDA:28,103,1,0
BRDA:28,104,0,0
BRDA:28,104,1,0
BRDA:28,105,0,0
BRDA:28,105,1,0
BRDA:28,106,0,0
BRDA:28,106,1,0
BRDA:28,107,0,0
BRDA:28,107,1,0
BRDA:28,108,0,0
BRDA:28,108,1,0
BRDA:28,109,0,0
BRDA:28,109,1,0
BRDA:28,110,0,0
BRDA:28,110,1,0
BRDA:28,111,0,0
BRDA:28,111,1,0
BRDA:28,112,0,0
BRDA:28,112,1,0
BRDA:28,112,2,0
BRDA:29,113,0,0
BRDA:29,113,1,0
BRDA:29,114,0,0
BRDA:29,114,1,0
BRDA:29,115,0,0
BRDA:29,115,1,0
BRDA:29,116,0,0
BRDA:29,116,1,0
BRDA:29,117,0,0
BRDA:29,117,1,0
BRDA:29,117,2,0
BRDA:29,118,0,0
BRDA:29,118,1,0
BRDA:29,119,0,0
BRDA:29,119,1,0
BRDA:30,120,0,0
BRDA:30,120,1,0
BRDA:30,121,0,0
BRDA:30,121,1,0
BRDA:30,122,0,0
BRDA:30,122,1,0
BRDA:30,123,0,0
BRDA:30,123,1,0
BRDA:32,124,0,0
BRDA:32,124,1,0
BRDA:32,125,0,0
BRDA:32,125,1,0
BRDA:32,126,0,0
BRDA:32,126,1,0
BRDA:32,127,0,0
BRDA:32,127,1,0
BRDA:32,127,2,0
BRDA:32,128,0,0
BRDA:32,128,1,0
BRDA:32,129,0,0
BRDA:32,129,1,0
BRDA:32,130,0,0
BRDA:32,130,1,0
BRDA:32,130,2,0
BRDA:32,131,0,0
BRDA:32,131,1,0
BRDA:32,132,0,0
BRDA:32,132,1,0
BRDA:32,132,2,0
BRDA:32,133,0,0
BRDA:32,133,1,0
BRDA:32,134,0,0
BRDA:32,134,1,0
BRDA:32,135,0,0
BRDA:32,135,1,0
BRDA:32,136,0,0
BRDA:32,136,1,0
BRDA:33,137,0,0
BRDA:33,137,1,0
BRDA:33,138,0,0
BRDA:33,138,1,0
BRDA:33,139,0,0
BRDA:33,139,1,0
BRDA:33,140,0,0
BRDA:33,140,1,0
BRDA:33,141,0,0
BRDA:33,141,1,0
BRDA:33,142,0,0
BRDA:33,142,1,0
BRDA:33,143,0,0
BRDA:33,143,1,0
BRDA:33,144,0,0
BRDA:33,144,1,0
BRDA:33,145,0,0
BRDA:33,145,1,0
BRDA:33,146,0,0
BRDA:33,146,1,0
BRDA:33,147,0,0
BRDA:33,147,1,0
BRDA:34,148,0,0
BRDA:34,148,1,0
BRDA:34,149,0,0
BRDA:34,149,1,0
BRDA:34,150,0,0
BRDA:34,150,1,0
BRDA:34,151,0,0
BRDA:34,151,1,0
BRDA:34,152,0,0
BRDA:34,152,1,0
BRDA:34,153,0,0
BRDA:34,153,1,0
BRDA:35,154,0,0
BRDA:35,154,1,0
BRDA:35,155,0,0
BRDA:35,155,1,0
BRDA:36,156,0,0
BRDA:36,156,1,0
BRDA:36,157,0,0
BRDA:36,157,1,0
BRDA:36,158,0,0
BRDA:36,158,1,0
BRDA:36,159,0,0
BRDA:36,159,1,0
BRDA:36,159,2,0
BRDA:36,160,0,0
BRDA:36,160,1,0
BRDA:36,161,0,0
BRDA:36,161,1,0
BRDA:36,162,0,0
BRDA:36,162,1,0
BRDA:36,163,0,0
BRDA:36,163,1,0
BRDA:36,164,0,0
BRDA:36,164,1,0
BRDA:36,164,2,0
BRDA:36,164,3,0
BRDA:36,165,0,0
BRDA:36,165,1,0
BRDA:36,166,0,0
BRDA:36,166,1,0
BRDA:36,167,0,0
BRDA:36,167,1,0
BRDA:36,168,0,0
BRDA:36,168,1,0
BRDA:36,169,0,0
BRDA:36,169,1,0
BRDA:36,170,0,0
BRDA:36,170,1,0
BRDA:36,171,0,0
BRDA:36,171,1,0
BRDA:36,172,0,0
BRDA:36,172,1,0
BRDA:36,172,2,0
BRDA:37,173,0,0
BRDA:37,173,1,0
BRDA:37,174,0,0
BRDA:37,174,1,0
BRDA:37,175,0,0
BRDA:37,175,1,0
BRDA:37,175,2,0
BRDA:37,175,3,0
BRDA:37,176,0,0
BRDA:37,176,1,0
BRDA:37,177,0,0
BRDA:37,177,1,0
BRDA:37,177,2,0
BRDA:37,178,0,0
BRDA:37,178,1,0
BRDA:37,179,0,0
BRDA:37,179,1,0
BRDA:37,180,0,0
BRDA:37,180,1,0
BRDA:37,181,0,0
BRDA:37,181,1,0
BRDA:38,182,0,0
BRDA:38,182,1,0
BRDA:38,183,0,0
BRDA:38,183,1,0
BRDA:38,183,2,0
BRDA:38,184,0,0
BRDA:38,184,1,0
BRDA:38,185,0,0
BRDA:38,185,1,0
BRDA:38,185,2,0
BRDA:38,186,0,0
BRDA:38,186,1,0
BRDA:38,186,2,0
BRDA:38,187,0,0
BRDA:38,187,1,0
BRDA:38,188,0,0
BRDA:38,188,1,0
BRDA:38,189,0,0
BRDA:38,189,1,0
BRDA:38,190,0,0
BRDA:38,190,1,0
BRDA:38,190,2,0
BRDA:38,190,3,0
BRDA:39,191,0,0
BRDA:39,191,1,0
BRDA:39,192,0,0
BRDA:39,192,1,0
BRDA:39,192,2,0
BRDA:39,193,0,0
BRDA:39,193,1,0
BRDA:39,194,0,0
BRDA:39,194,1,0
BRDA:39,195,0,0
BRDA:39,195,1,0
BRDA:39,196,0,0
BRDA:39,196,1,0
BRDA:39,197,0,0
BRDA:39,197,1,0
BRDA:39,198,0,0
BRDA:39,198,1,0
BRDA:40,199,0,0
BRDA:40,199,1,0
BRDA:40,200,0,0
BRDA:40,200,1,0
BRDA:40,200,2,0
BRDA:40,200,3,0
BRDA:40,201,0,0
BRDA:40,201,1,0
BRDA:40,201,2,0
BRDA:40,202,0,0
BRDA:40,202,1,0
BRDA:41,203,0,0
BRDA:41,203,1,0
BRDA:41,204,0,0
BRDA:41,204,1,0
BRDA:41,205,0,0
BRDA:41,205,1,0
BRDA:41,206,0,0
BRDA:41,206,1,0
BRDA:41,207,0,0
BRDA:41,207,1,0
BRDA:41,208,0,0
BRDA:41,208,1,0
BRDA:41,209,0,0
BRDA:41,209,1,0
BRDA:41,210,0,0
BRDA:41,210,1,0
BRDA:41,211,0,0
BRDA:41,211,1,0
BRDA:41,212,0,0
BRDA:41,212,1,0
BRDA:41,213,0,0
BRDA:41,213,1,0
BRDA:41,214,0,0
BRDA:41,214,1,0
BRDA:41,215,0,0
BRDA:41,215,1,0
BRDA:41,216,0,0
BRDA:41,216,1,0
BRDA:42,217,0,0
BRDA:42,217,1,0
BRDA:42,218,0,0
BRDA:42,218,1,0
BRDA:42,218,2,0
BRDA:42,218,3,0
BRDA:42,218,4,0
BRDA:42,219,0,0
BRDA:42,219,1,0
BRDA:42,220,0,0
BRDA:42,220,1,0
BRDA:42,221,0,0
BRDA:42,221,1,0
BRDA:42,222,0,0
BRDA:42,222,1,0
BRDA:43,223,0,0
BRDA:43,223,1,0
BRDA:43,224,0,0
BRDA:43,224,1,0
BRDA:43,225,0,0
BRDA:43,225,1,0
BRDA:43,225,2,0
BRDA:43,225,3,0
BRDA:43,225,4,0
BRDA:43,225,5,0
BRDA:43,225,6,0
BRDA:43,225,7,0
BRDA:43,226,0,0
BRDA:43,226,1,0
BRDA:43,227,0,0
BRDA:43,227,1,0
BRDA:43,228,0,0
BRDA:43,228,1,0
BRDA:43,229,0,0
BRDA:43,229,1,0
BRDA:43,230,0,0
BRDA:43,230,1,0
BRDA:43,230,2,0
BRDA:44,231,0,0
BRDA:44,231,1,0
BRDA:44,232,0,0
BRDA:44,232,1,0
BRDA:44,233,0,0
BRDA:44,233,1,0
BRDA:44,233,2,0
BRDA:44,234,0,0
BRDA:44,234,1,0
BRDA:44,235,0,0
BRDA:44,235,1,0
BRDA:44,236,0,0
BRDA:44,236,1,0
BRDA:44,236,2,0
BRDA:44,236,3,0
BRDA:44,236,4,0
BRDA:44,236,5,0
BRDA:44,237,0,0
BRDA:44,237,1,0
BRDA:44,238,0,0
BRDA:44,238,1,0
BRDA:45,239,0,0
BRDA:45,239,1,0
BRDA:45,239,2,0
BRDA:45,239,3,0
BRDA:45,240,0,0
BRDA:45,240,1,0
BRDA:45,241,0,0
BRDA:45,241,1,0
BRDA:46,242,0,0
BRDA:46,242,1,0
BRDA:46,243,0,0
BRDA:46,243,1,0
BRDA:46,244,0,0
BRDA:46,244,1,0
BRDA:46,245,0,0
BRDA:46,245,1,0
BRDA:46,246,0,0
BRDA:46,246,1,0
BRDA:46,247,0,0
BRDA:46,247,1,0
BRDA:47,248,0,0
BRDA:47,248,1,0
BRDA:47,249,0,0
BRDA:47,249,1,0
BRDA:47,250,0,0
BRDA:47,250,1,0
BRDA:47,251,0,0
BRDA:47,251,1,0
BRDA:47,252,0,0
BRDA:47,252,1,0
BRDA:47,252,2,0
BRDA:47,253,0,0
BRDA:47,253,1,0
BRDA:47,254,0,0
BRDA:47,254,1,0
BRDA:48,255,0,0
BRDA:48,255,1,0
BRDA:48,256,0,0
BRDA:48,256,1,0
BRDA:48,257,0,0
BRDA:48,257,1,0
BRDA:48,258,0,0
BRDA:48,258,1,0
BRDA:48,259,0,0
BRDA:48,259,1,0
BRDA:49,260,0,0
BRDA:49,260,1,0
BRDA:49,261,0,0
BRDA:49,261,1,0
BRDA:49,262,0,0
BRDA:49,262,1,0
BRDA:49,263,0,0
BRDA:49,263,1,0
BRDA:49,264,0,0
BRDA:49,264,1,0
BRDA:49,265,0,0
BRDA:49,265,1,0
BRDA:49,265,2,0
BRDA:49,266,0,0
BRDA:49,266,1,0
BRDA:49,267,0,0
BRDA:49,267,1,0
BRDA:49,268,0,0
BRDA:49,268,1,0
BRDA:49,269,0,0
BRDA:49,269,1,0
BRDA:49,270,0,0
BRDA:49,270,1,0
BRDA:50,271,0,0
BRDA:50,271,1,0
BRDA:50,272,0,0
BRDA:50,272,1,0
BRDA:50,273,0,0
BRDA:50,273,1,0
BRDA:50,273,2,0
BRDA:52,274,0,0
BRDA:52,274,1,0
BRDA:52,274,2,0
BRDA:52,274,3,0
BRDA:53,275,0,0
BRDA:53,275,1,0
BRDA:53,276,0,0
BRDA:53,276,1,0
BRDA:53,277,0,0
BRDA:53,277,1,0
BRDA:53,278,0,0
BRDA:53,278,1,0
BRDA:54,279,0,0
BRDA:54,279,1,0
BRDA:55,280,0,0
BRDA:55,280,1,0
BRDA:55,280,2,0
BRDA:55,281,0,0
BRDA:55,281,1,0
BRDA:55,282,0,0
BRDA:55,282,1,0
BRDA:55,283,0,0
BRDA:55,283,1,0
BRDA:55,284,0,0
BRDA:55,284,1,0
BRDA:56,285,0,0
BRDA:56,285,1,0
BRDA:56,286,0,0
BRDA:56,286,1,0
BRDA:56,287,0,0
BRDA:56,287,1,0
BRDA:56,288,0,0
BRDA:56,288,1,0
BRDA:56,289,0,0
BRDA:56,289,1,0
BRDA:56,290,0,0
BRDA:56,290,1,0
BRDA:56,291,0,0
BRDA:56,291,1,0
BRDA:56,292,0,0
BRDA:56,292,1,0
BRDA:56,292,2,0
BRDA:56,293,0,0
BRDA:56,293,1,0
BRDA:56,293,2,0
BRDA:56,293,3,0
BRDA:56,293,4,0
BRDA:56,294,0,0
BRDA:56,294,1,0
BRDA:56,295,0,0
BRDA:56,295,1,0
BRDA:57,296,0,0
BRDA:57,296,1,0
BRDA:57,297,0,0
BRDA:57,297,1,0
BRDA:57,298,0,0
BRDA:57,298,1,0
BRDA:57,299,0,0
BRDA:57,299,1,0
BRDA:57,300,0,0
BRDA:57,300,1,0
BRDA:57,301,0,0
BRDA:57,301,1,0
BRDA:57,302,0,0
BRDA:57,302,1,0
BRDA:57,303,0,0
BRDA:57,303,1,0
BRDA:57,304,0,0
BRDA:57,304,1,0
BRDA:57,305,0,0
BRDA:57,305,1,0
BRDA:57,306,0,0
BRDA:57,306,1,0
BRDA:57,307,0,0
BRDA:57,307,1,0
BRDA:57,308,0,0
BRDA:57,308,1,0
BRDA:57,309,0,0
BRDA:57,309,1,0
BRDA:57,310,0,0
BRDA:57,310,1,0
BRDA:57,311,0,0
BRDA:57,311,1,0
BRDA:57,312,0,0
BRDA:57,312,1,0
BRDA:57,313,0,0
BRDA:57,313,1,0
BRDA:57,314,0,0
BRDA:57,314,1,0
BRDA:57,314,2,0
BRDA:57,314,3,0
BRDA:57,314,4,0
BRDA:57,315,0,0
BRDA:57,315,1,0
BRDA:57,316,0,0
BRDA:57,316,1,0
BRDA:58,317,0,0
BRDA:58,317,1,0
BRDA:58,318,0,0
BRDA:58,318,1,0
BRDA:58,319,0,0
BRDA:58,319,1,0
BRDA:58,320,0,0
BRDA:58,320,1,0
BRDA:58,321,0,0
BRDA:58,321,1,0
BRDA:58,322,0,0
BRDA:58,322,1,0
BRDA:58,323,0,0
BRDA:58,323,1,0
BRDA:58,324,0,0
BRDA:58,324,1,0
BRDA:58,325,0,0
BRDA:58,325,1,0
BRDA:58,326,0,0
BRDA:58,326,1,0
BRDA:59,327,0,0
BRDA:59,327,1,0
BRDA:59,328,0,0
BRDA:59,328,1,0
BRDA:59,329,0,0
BRDA:59,329,1,0
BRDA:59,330,0,0
BRDA:59,330,1,0
BRDA:59,331,0,0
BRDA:59,331,1,0
BRDA:59,332,0,0
BRDA:59,332,1,0
BRDA:59,333,0,0
BRDA:59,333,1,0
BRDA:59,334,0,0
BRDA:59,334,1,0
BRDA:59,334,2,0
BRDA:59,335,0,0
BRDA:59,335,1,0
BRDA:59,336,0,0
BRDA:59,336,1,0
BRDA:60,337,0,0
BRDA:60,337,1,0
BRDA:60,338,0,0
BRDA:60,338,1,0
BRDA:60,339,0,0
BRDA:60,339,1,0
BRDA:60,340,0,0
BRDA:60,340,1,0
BRDA:60,341,0,0
BRDA:60,341,1,0
BRDA:60,342,0,0
BRDA:60,342,1,0
BRDA:60,343,0,0
BRDA:60,343,1,0
BRDA:60,344,0,0
BRDA:60,344,1,0
BRDA:60,345,0,0
BRDA:60,345,1,0
BRDA:61,346,0,0
BRDA:61,346,1,0
BRDA:61,347,0,0
BRDA:61,347,1,0
BRDA:61,348,0,0
BRDA:61,348,1,0
BRDA:61,349,0,0
BRDA:61,349,1,0
BRDA:61,350,0,0
BRDA:61,350,1,0
BRDA:61,351,0,0
BRDA:61,351,1,0
BRDA:61,352,0,0
BRDA:61,352,1,0
BRDA:61,353,0,0
BRDA:61,353,1,0
BRDA:61,354,0,0
BRDA:61,354,1,0
BRDA:61,355,0,0
BRDA:61,355,1,0
BRDA:61,356,0,0
BRDA:61,356,1,0
BRDA:61,357,0,0
BRDA:61,357,1,0
BRDA:61,358,0,0
BRDA:61,358,1,0
BRDA:62,359,0,0
BRDA:62,359,1,0
BRDA:62,359,2,0
BRDA:62,360,0,0
BRDA:62,360,1,0
BRDA:62,361,0,0
BRDA:62,361,1,0
BRDA:62,362,0,0
BRDA:62,362,1,0
BRDA:62,363,0,0
BRDA:62,363,1,0
BRDA:62,364,0,0
BRDA:62,364,1,0
BRDA:62,365,0,0
BRDA:62,365,1,0
BRDA:62,366,0,0
BRDA:62,366,1,0
BRDA:63,367,0,0
BRDA:63,367,1,0
BRDA:63,368,0,0
BRDA:63,368,1,0
BRDA:63,368,2,0
BRDA:63,368,3,0
BRDA:64,369,0,0
BRDA:64,369,1,0
BRDA:64,370,0,0
BRDA:64,370,1,0
BRDA:64,371,0,0
BRDA:64,371,1,0
BRDA:64,372,0,0
BRDA:64,372,1,0
BRDA:64,373,0,0
BRDA:64,373,1,0
BRDA:64,374,0,0
BRDA:64,374,1,0
BRDA:64,375,0,0
BRDA:64,375,1,0
BRDA:65,376,0,0
BRDA:65,376,1,0
BRDA:65,377,0,0
BRDA:65,377,1,0
BRDA:65,378,0,0
BRDA:65,378,1,0
BRDA:65,379,0,0
BRDA:65,379,1,0
BRDA:65,379,2,0
BRDA:65,380,0,0
BRDA:65,380,1,0
BRDA:65,381,0,0
BRDA:65,381,1,0
BRDA:65,382,0,0
BRDA:65,382,1,0
BRDA:66,383,0,0
BRDA:66,383,1,0
BRDA:66,384,0,0
BRDA:66,384,1,0
BRDA:66,385,0,0
BRDA:66,385,1,0
BRDA:66,386,0,0
BRDA:66,386,1,0
BRDA:66,387,0,0
BRDA:66,387,1,0
BRDA:66,388,0,0
BRDA:66,388,1,0
BRDA:66,389,0,0
BRDA:66,389,1,0
BRDA:66,390,0,0
BRDA:66,390,1,0
BRDA:66,391,0,0
BRDA:66,391,1,0
BRDA:67,392,0,0
BRDA:67,392,1,0
BRDA:67,393,0,0
BRDA:67,393,1,0
BRDA:67,394,0,0
BRDA:67,394,1,0
BRDA:67,395,0,0
BRDA:67,395,1,0
BRDA:67,396,0,0
BRDA:67,396,1,0
BRDA:67,397,0,0
BRDA:67,397,1,0
BRDA:67,398,0,0
BRDA:67,398,1,0
BRDA:67,399,0,0
BRDA:67,399,1,0
BRDA:67,400,0,0
BRDA:67,400,1,0
BRDA:67,401,0,0
BRDA:67,401,1,0
BRDA:67,402,0,0
BRDA:67,402,1,0
BRDA:68,403,0,0
BRDA:68,403,1,0
BRDA:68,403,2,0
BRDA:68,403,3,0
BRDA:68,404,0,0
BRDA:68,404,1,0
BRDA:68,405,0,0
BRDA:68,405,1,0
BRDA:68,406,0,0
BRDA:68,406,1,0
BRDA:68,406,2,0
BRDA:68,407,0,0
BRDA:68,407,1,0
BRDA:68,408,0,0
BRDA:68,408,1,0
BRDA:68,409,0,0
BRDA:68,409,1,0
BRDA:68,410,0,0
BRDA:68,410,1,0
BRDA:68,411,0,0
BRDA:68,411,1,0
BRDA:68,412,0,0
BRDA:68,412,1,0
BRDA:69,413,0,0
BRDA:69,413,1,0
BRDA:69,414,0,0
BRDA:69,414,1,0
BRDA:69,414,2,0
BRDA:69,414,3,0
BRDA:69,415,0,0
BRDA:69,415,1,0
BRDA:69,416,0,0
BRDA:69,416,1,0
BRDA:69,417,0,0
BRDA:69,417,1,0
BRDA:69,418,0,0
BRDA:69,418,1,0
BRDA:69,418,2,0
BRDA:69,419,0,0
BRDA:69,419,1,0
BRDA:70,420,0,0
BRDA:70,420,1,0
BRDA:70,421,0,0
BRDA:70,421,1,0
BRDA:70,421,2,0
BRDA:70,421,3,0
BRDA:70,422,0,0
BRDA:70,422,1,0
BRDA:70,423,0,0
BRDA:70,423,1,0
BRDA:70,424,0,0
BRDA:70,424,1,0
BRDA:70,425,0,0
BRDA:70,425,1,0
BRDA:70,426,0,0
BRDA:70,426,1,0
BRDA:70,427,0,0
BRDA:70,427,1,0
BRDA:70,428,0,0
BRDA:70,428,1,0
BRDA:70,429,0,0
BRDA:70,429,1,0
BRDA:70,430,0,0
BRDA:70,430,1,0
BRDA:70,431,0,0
BRDA:70,431,1,0
BRDA:70,432,0,0
BRDA:70,432,1,0
BRDA:70,433,0,0
BRDA:70,433,1,0
BRDA:70,434,0,0
BRDA:70,434,1,0
BRDA:70,434,2,0
BRDA:70,434,3,0
BRDA:70,435,0,0
BRDA:70,435,1,0
BRDA:70,436,0,0
BRDA:70,436,1,0
BRDA:70,436,2,0
BRDA:70,436,3,0
BRDA:70,437,0,0
BRDA:70,437,1,0
BRDA:71,438,0,0
BRDA:71,438,1,0
BRDA:71,439,0,0
BRDA:71,439,1,0
BRDA:71,440,0,0
BRDA:71,440,1,0
BRDA:71,440,2,0
BRDA:71,441,0,0
BRDA:71,441,1,0
BRDA:71,442,0,0
BRDA:71,442,1,0
BRDA:71,443,0,0
BRDA:71,443,1,0
BRDA:71,444,0,0
BRDA:71,444,1,0
BRDA:71,445,0,0
BRDA:71,445,1,0
BRDA:71,445,2,0
BRDA:71,446,0,0
BRDA:71,446,1,0
BRDA:71,447,0,0
BRDA:71,447,1,0
BRDA:71,448,0,0
BRDA:71,448,1,0
BRDA:71,449,0,0
BRDA:71,449,1,0
BRDA:72,450,0,0
BRDA:72,450,1,0
BRDA:72,451,0,0
BRDA:72,451,1,0
BRDA:72,452,0,0
BRDA:72,452,1,0
BRDA:72,453,0,0
BRDA:72,453,1,0
BRDA:72,453,2,0
BRDA:72,453,3,0
BRDA:72,454,0,0
BRDA:72,454,1,0
BRDA:72,454,2,0
BRDA:72,455,0,0
BRDA:72,455,1,0
BRDA:72,456,0,0
BRDA:72,456,1,0
BRDA:73,457,0,0
BRDA:73,457,1,0
BRDA:73,458,0,0
BRDA:73,458,1,0
BRDA:73,458,2,0
BRDA:73,459,0,0
BRDA:73,459,1,0
BRDA:73,460,0,0
BRDA:73,460,1,0
BRDA:73,460,2,0
BRDA:73,461,0,0
BRDA:73,461,1,0
BRDA:73,462,0,0
BRDA:73,462,1,0
BRDA:73,463,0,0
BRDA:73,463,1,0
BRDA:73,464,0,0
BRDA:73,464,1,0
BRDA:73,464,2,0
BRDA:73,465,0,0
BRDA:73,465,1,0
BRDA:73,466,0,0
BRDA:73,466,1,0
BRDA:73,466,2,0
BRDA:73,467,0,0
BRDA:73,467,1,0
BRDA:73,468,0,0
BRDA:73,468,1,0
BRDA:74,469,0,0
BRDA:74,469,1,0
BRDA:74,470,0,0
BRDA:74,470,1,0
BRDA:74,471,0,0
BRDA:74,471,1,0
BRDA:74,472,0,0
BRDA:74,472,1,0
BRDA:74,473,0,0
BRDA:74,473,1,0
BRDA:74,474,0,0
BRDA:74,474,1,0
BRDA:74,475,0,0
BRDA:74,475,1,0
BRDA:75,476,0,0
BRDA:75,476,1,0
BRDA:75,477,0,0
BRDA:75,477,1,0
BRDA:75,478,0,0
BRDA:75,478,1,0
BRDA:75,479,0,0
BRDA:75,479,1,0
BRDA:75,480,0,0
BRDA:75,480,1,0
BRDA:75,481,0,0
BRDA:75,481,1,0
BRDA:75,482,0,0
BRDA:75,482,1,0
BRDA:76,483,0,0
BRDA:76,483,1,0
BRDA:76,484,0,0
BRDA:76,484,1,0
BRDA:76,485,0,0
BRDA:76,485,1,0
BRDA:76,486,0,0
BRDA:76,486,1,0
BRDA:76,487,0,0
BRDA:76,487,1,0
BRDA:76,488,0,0
BRDA:76,488,1,0
BRDA:77,489,0,0
BRDA:77,489,1,0
BRDA:77,490,0,0
BRDA:77,490,1,0
BRDA:77,491,0,0
BRDA:77,491,1,0
BRDA:77,492,0,0
BRDA:77,492,1,0
BRDA:77,493,0,0
BRDA:77,493,1,0
BRDA:77,494,0,0
BRDA:77,494,1,0
BRDA:77,495,0,0
BRDA:77,495,1,0
BRDA:77,495,2,0
BRDA:77,496,0,0
BRDA:77,496,1,0
BRDA:77,497,0,0
BRDA:77,497,1,0
BRDA:77,498,0,0
BRDA:77,498,1,0
BRDA:78,499,0,0
BRDA:78,499,1,0
BRDA:78,500,0,0
BRDA:78,500,1,0
BRDA:78,501,0,0
BRDA:78,501,1,0
BRDA:78,501,2,0
BRDA:78,502,0,0
BRDA:78,502,1,0
BRDA:78,503,0,0
BRDA:78,503,1,0
BRDA:78,504,0,0
BRDA:78,504,1,0
BRDA:78,505,0,0
BRDA:78,505,1,0
BRDA:78,506,0,0
BRDA:78,506,1,0
BRDA:78,507,0,0
BRDA:78,507,1,0
BRDA:78,508,0,0
BRDA:78,508,1,0
BRDA:78,509,0,0
BRDA:78,509,1,0
BRDA:78,510,0,0
BRDA:78,510,1,0
BRDA:78,511,0,0
BRDA:78,511,1,0
BRDA:78,512,0,0
BRDA:78,512,1,0
BRDA:78,513,0,0
BRDA:78,513,1,0
BRDA:78,514,0,0
BRDA:78,514,1,0
BRDA:78,514,2,0
BRDA:78,515,0,0
BRDA:78,515,1,0
BRDA:78,515,2,0
BRDA:79,516,0,0
BRDA:79,516,1,0
BRDA:79,517,0,0
BRDA:79,517,1,0
BRDA:79,518,0,0
BRDA:79,518,1,0
BRDA:79,519,0,0
BRDA:79,519,1,0
BRDA:79,520,0,0
BRDA:79,520,1,0
BRDA:79,521,0,0
BRDA:79,521,1,0
BRDA:79,522,0,0
BRDA:79,522,1,0
BRDA:79,523,0,0
BRDA:79,523,1,0
BRDA:79,524,0,0
BRDA:79,524,1,0
BRDA:79,525,0,0
BRDA:79,525,1,0
BRDA:79,526,0,0
BRDA:79,526,1,0
BRDA:79,527,0,0
BRDA:79,527,1,0
BRDA:79,528,0,0
BRDA:79,528,1,0
BRDA:79,528,2,0
BRDA:79,529,0,0
BRDA:79,529,1,0
BRDA:79,529,2,0
BRDA:80,530,0,0
BRDA:80,530,1,0
BRDA:80,531,0,0
BRDA:80,531,1,0
BRDA:80,532,0,0
BRDA:80,532,1,0
BRDA:80,533,0,0
BRDA:80,533,1,0
BRDA:80,534,0,0
BRDA:80,534,1,0
BRDA:80,535,0,0
BRDA:80,535,1,0
BRDA:80,536,0,0
BRDA:80,536,1,0
BRDA:80,537,0,0
BRDA:80,537,1,0
BRDA:80,538,0,0
BRDA:80,538,1,0
BRDA:80,539,0,0
BRDA:80,539,1,0
BRDA:80,539,2,0
BRDA:81,540,0,0
BRDA:81,540,1,0
BRDA:81,541,0,0
BRDA:81,541,1,0
BRDA:81,542,0,0
BRDA:81,542,1,0
BRDA:81,543,0,0
BRDA:81,543,1,0
BRDA:81,544,0,0
BRDA:81,544,1,0
BRDA:81,545,0,0
BRDA:81,545,1,0
BRDA:81,545,2,0
BRDA:81,545,3,0
BRDA:81,546,0,0
BRDA:81,546,1,0
BRDA:81,547,0,0
BRDA:81,547,1,0
BRDA:81,548,0,0
BRDA:81,548,1,0
BRDA:81,549,0,0
BRDA:81,549,1,0
BRDA:82,550,0,0
BRDA:82,550,1,0
BRDA:82,551,0,0
BRDA:82,551,1,0
BRDA:82,551,2,0
BRDA:82,551,3,0
BRDA:82,551,4,0
BRDA:82,552,0,0
BRDA:82,552,1,0
BRDA:82,552,2,0
BRDA:82,552,3,0
BRDA:82,553,0,0
BRDA:82,553,1,0
BRDA:82,554,0,0
BRDA:82,554,1,0
BRDA:82,555,0,0
BRDA:82,555,1,0
BRDA:82,556,0,0
BRDA:82,556,1,0
BRDA:82,557,0,0
BRDA:82,557,1,0
BRDA:82,558,0,0
BRDA:82,558,1,0
BRDA:82,558,2,0
BRDA:82,558,3,0
BRDA:82,559,0,0
BRDA:82,559,1,0
BRDA:82,559,2,0
BRDA:82,560,0,0
BRDA:82,560,1,0
BRDA:82,561,0,0
BRDA:82,561,1,0
BRDA:83,562,0,0
BRDA:83,562,1,0
BRDA:83,563,0,0
BRDA:83,563,1,0
BRDA:83,564,0,0
BRDA:83,564,1,0
BRDA:83,565,0,0
BRDA:83,565,1,0
BRDA:83,566,0,0
BRDA:83,566,1,0
BRDA:83,567,0,0
BRDA:83,567,1,0
BRDA:83,568,0,0
BRDA:83,568,1,0
BRDA:83,569,0,0
BRDA:83,569,1,0
BRDA:83,570,0,0
BRDA:83,570,1,0
BRDA:84,571,0,0
BRDA:84,571,1,0
BRDA:84,572,0,0
BRDA:84,572,1,0
BRDA:84,573,0,0
BRDA:84,573,1,0
BRDA:84,574,0,0
BRDA:84,574,1,0
BRDA:84,575,0,0
BRDA:84,575,1,0
BRDA:84,575,2,0
BRDA:84,576,0,0
BRDA:84,576,1,0
BRDA:84,577,0,0
BRDA:84,577,1,0
BRDA:84,577,2,0
BRDA:84,578,0,0
BRDA:84,578,1,0
BRDA:84,579,0,0
BRDA:84,579,1,0
BRDA:84,579,2,0
BRDA:84,579,3,0
BRDA:84,579,4,0
BRDA:84,580,0,0
BRDA:84,580,1,0
BRDA:84,580,2,0
BRDA:84,580,3,0
BRDA:84,580,4,0
BRDA:85,581,0,0
BRDA:85,581,1,0
BRDA:85,581,2,0
BRDA:85,581,3,0
BRDA:85,581,4,0
BRDA:85,582,0,0
BRDA:85,582,1,0
BRDA:85,582,2,0
BRDA:85,582,3,0
BRDA:85,582,4,0
BRDA:85,583,0,0
BRDA:85,583,1,0
BRDA:85,583,2,0
BRDA:85,583,3,0
BRDA:85,584,0,0
BRDA:85,584,1,0
BRDA:85,585,0,0
BRDA:85,585,1,0
BRDA:85,585,2,0
BRDA:85,586,0,0
BRDA:85,586,1,0
BRDA:85,586,2,0
BRDA:85,587,0,0
BRDA:85,587,1,0
BRDA:85,588,0,0
BRDA:85,588,1,0
BRDA:85,589,0,0
BRDA:85,589,1,0
BRDA:86,590,0,0
BRDA:86,590,1,0
BRDA:86,591,0,0
BRDA:86,591,1,0
BRDA:86,592,0,0
BRDA:86,592,1,0
BRDA:87,593,0,0
BRDA:87,593,1,0
BRDA:87,594,0,0
BRDA:87,594,1,0
BRDA:87,595,0,0
BRDA:87,595,1,0
BRDA:87,596,0,0
BRDA:87,596,1,0
BRDA:87,597,0,0
BRDA:87,597,1,0
BRDA:87,598,0,0
BRDA:87,598,1,0
BRDA:87,599,0,0
BRDA:87,599,1,0
BRDA:87,599,2,0
BRDA:87,599,3,0
BRDA:87,600,0,0
BRDA:87,600,1,0
BRDA:88,601,0,0
BRDA:88,601,1,0
BRDA:88,602,0,0
BRDA:88,602,1,0
BRDA:88,603,0,0
BRDA:88,603,1,0
BRDA:88,604,0,0
BRDA:88,604,1,0
BRDA:88,605,0,0
BRDA:88,605,1,0
BRDA:88,606,0,0
BRDA:88,606,1,0
BRDA:89,607,0,0
BRDA:89,607,1,0
BRDA:89,608,0,0
BRDA:89,608,1,0
BRDA:89,609,0,0
BRDA:89,609,1,0
BRDA:89,610,0,0
BRDA:89,610,1,0
BRDA:89,611,0,0
BRDA:89,611,1,0
BRDA:89,612,0,0
BRDA:89,612,1,0
BRDA:89,613,0,0
BRDA:89,613,1,0
BRDA:90,614,0,0
BRDA:90,614,1,0
BRDA:90,615,0,0
BRDA:90,615,1,0
BRDA:90,616,0,0
BRDA:90,616,1,0
BRDA:90,616,2,0
BRDA:90,616,3,0
BRDA:90,617,0,0
BRDA:90,617,1,0
BRDA:90,618,0,0
BRDA:90,618,1,0
BRDA:90,619,0,0
BRDA:90,619,1,0
BRDA:90,619,2,0
BRDA:90,619,3,0
BRDA:90,619,4,0
BRDA:90,620,0,0
BRDA:90,620,1,0
BRDA:91,621,0,0
BRDA:91,621,1,0
BRDA:91,622,0,0
BRDA:91,622,1,0
BRDA:91,623,0,0
BRDA:91,623,1,0
BRDA:91,624,0,0
BRDA:91,624,1,0
BRDA:91,625,0,0
BRDA:91,625,1,0
BRDA:91,626,0,0
BRDA:91,626,1,0
BRDA:91,627,0,0
BRDA:91,627,1,0
BRDA:91,627,2,0
BRDA:91,628,0,0
BRDA:91,628,1,0
BRDA:91,628,2,0
BRDA:91,629,0,0
BRDA:91,629,1,0
BRDA:91,629,2,0
BRDA:91,629,3,0
BRDA:91,629,4,0
BRDA:92,630,0,0
BRDA:92,630,1,0
BRDA:92,631,0,0
BRDA:92,631,1,0
BRDA:92,631,2,0
BRDA:92,631,3,0
BRDA:92,632,0,0
BRDA:92,632,1,0
BRDA:92,633,0,0
BRDA:92,633,1,0
BRDA:92,633,2,0
BRDA:92,633,3,0
BRDA:92,633,4,0
BRDA:92,633,5,0
BRDA:92,633,6,0
BRDA:92,634,0,0
BRDA:92,634,1,0
BRDA:93,635,0,0
BRDA:93,635,1,0
BRDA:93,636,0,0
BRDA:93,636,1,0
BRDA:94,637,0,0
BRDA:94,637,1,0
BRDA:94,638,0,0
BRDA:94,638,1,0
BRDA:94,639,0,0
BRDA:94,639,1,0
BRDA:94,640,0,0
BRDA:94,640,1,0
BRDA:94,641,0,0
BRDA:94,641,1,0
BRDA:94,642,0,0
BRDA:94,642,1,0
BRDA:94,643,0,0
BRDA:94,643,1,0
BRDA:94,644,0,0
BRDA:94,644,1,0
BRDA:94,645,0,0
BRDA:94,645,1,0
BRDA:95,646,0,0
BRDA:95,646,1,0
BRDA:95,647,0,0
BRDA:95,647,1,0
BRDA:95,648,0,0
BRDA:95,648,1,0
BRDA:95,649,0,0
BRDA:95,649,1,0
BRDA:96,650,0,0
BRDA:96,650,1,0
BRDA:96,651,0,0
BRDA:96,651,1,0
BRDA:96,652,0,0
BRDA:96,652,1,0
BRDA:96,653,0,0
BRDA:96,653,1,0
BRDA:97,654,0,0
BRDA:97,654,1,0
BRDA:97,655,0,0
BRDA:97,655,1,0
BRDA:97,656,0,0
BRDA:97,656,1,0
BRDA:97,657,0,0
BRDA:97,657,1,0
BRDA:97,658,0,0
BRDA:97,658,1,0
BRDA:97,659,0,0
BRDA:97,659,1,0
BRDA:97,659,2,0
BRDA:97,659,3,0
BRDA:97,660,0,0
BRDA:97,660,1,0
BRDA:97,661,0,0
BRDA:97,661,1,0
BRDA:97,662,0,0
BRDA:97,662,1,0
BRDA:97,663,0,0
BRDA:97,663,1,0
BRDA:97,664,0,0
BRDA:97,664,1,0
BRDA:97,665,0,0
BRDA:97,665,1,0
BRDA:97,666,0,0
BRDA:97,666,1,0
BRDA:97,667,0,0
BRDA:97,667,1,0
BRDA:98,668,0,0
BRDA:98,668,1,0
BRDA:98,669,0,0
BRDA:98,669,1,0
BRDA:98,670,0,0
BRDA:98,670,1,0
BRDA:99,671,0,0
BRDA:99,671,1,0
BRDA:99,672,0,0
BRDA:99,672,1,0
BRDA:99,673,0,0
BRDA:99,673,1,0
BRDA:99,673,2,0
BRDA:99,674,0,0
BRDA:99,674,1,0
BRDA:99,675,0,0
BRDA:99,675,1,0
BRDA:99,676,0,0
BRDA:99,676,1,0
BRDA:99,677,0,0
BRDA:99,677,1,0
BRDA:99,678,0,0
BRDA:99,678,1,0
BRDA:99,679,0,0
BRDA:99,679,1,0
BRDA:99,680,0,0
BRDA:99,680,1,0
BRDA:99,681,0,0
BRDA:99,681,1,0
BRDA:100,682,0,0
BRDA:100,682,1,0
BRDA:100,683,0,0
BRDA:100,683,1,0
BRDA:100,684,0,0
BRDA:100,684,1,0
BRDA:100,685,0,0
BRDA:100,685,1,0
BRDA:100,686,0,0
BRDA:100,686,1,0
BRDA:100,687,0,0
BRDA:100,687,1,0
BRDA:100,688,0,0
BRDA:100,688,1,0
BRDA:100,689,0,0
BRDA:100,689,1,0
BRDA:100,690,0,0
BRDA:100,690,1,0
BRDA:100,691,0,0
BRDA:100,691,1,0
BRDA:100,692,0,0
BRDA:100,692,1,0
BRDA:100,693,0,0
BRDA:100,693,1,0
BRDA:101,694,0,0
BRDA:101,694,1,0
BRDA:101,695,0,0
BRDA:101,695,1,0
BRDA:101,696,0,0
BRDA:101,696,1,0
BRDA:101,696,2,0
BRDA:101,696,3,0
BRDA:101,696,4,0
BRDA:101,696,5,0
BRDA:101,696,6,0
BRDA:101,697,0,0
BRDA:101,697,1,0
BRDA:102,698,0,0
BRDA:102,698,1,0
BRDA:102,699,0,0
BRDA:102,699,1,0
BRDA:102,700,0,0
BRDA:102,700,1,0
BRDA:102,701,0,0
BRDA:102,701,1,0
BRDA:102,702,0,0
BRDA:102,702,1,0
BRDA:102,703,0,0
BRDA:102,703,1,0
BRDA:102,704,0,0
BRDA:102,704,1,0
BRDA:102,705,0,0
BRDA:102,705,1,0
BRDA:102,706,0,0
BRDA:102,706,1,0
BRDA:102,707,0,0
BRDA:102,707,1,0
BRDA:102,707,2,0
BRDA:102,707,3,0
BRDA:102,707,4,0
BRDA:102,708,0,0
BRDA:102,708,1,0
BRDA:102,708,2,0
BRDA:102,709,0,0
BRDA:102,709,1,0
BRDA:102,710,0,0
BRDA:102,710,1,0
BRDA:102,711,0,0
BRDA:102,711,1,0
BRDA:102,712,0,0
BRDA:102,712,1,0
BRDA:103,713,0,0
BRDA:103,713,1,0
BRDA:103,714,0,0
BRDA:103,714,1,0
BRDA:103,715,0,0
BRDA:103,715,1,0
BRDA:103,716,0,0
BRDA:103,716,1,0
BRDA:103,717,0,0
BRDA:103,717,1,0
BRDA:103,718,0,0
BRDA:103,718,1,0
BRDA:103,719,0,0
BRDA:103,719,1,0
BRDA:104,720,0,0
BRDA:104,720,1,0
BRDA:104,721,0,0
BRDA:104,721,1,0
BRDA:104,722,0,0
BRDA:104,722,1,0
BRDA:104,723,0,0
BRDA:104,723,1,0
BRDA:104,724,0,0
BRDA:104,724,1,0
BRDA:104,725,0,0
BRDA:104,725,1,0
BRDA:104,726,0,0
BRDA:104,726,1,0
BRDA:104,727,0,0
BRDA:104,727,1,0
BRDA:104,728,0,0
BRDA:104,728,1,0
BRDA:104,729,0,0
BRDA:104,729,1,0
BRDA:104,730,0,0
BRDA:104,730,1,0
BRDA:104,731,0,0
BRDA:104,731,1,0
BRDA:104,732,0,0
BRDA:104,732,1,0
BRDA:104,733,0,0
BRDA:104,733,1,0
BRDA:104,734,0,0
BRDA:104,734,1,0
BRDA:104,735,0,0
BRDA:104,735,1,0
BRDA:105,736,0,0
BRDA:105,736,1,0
BRDA:105,737,0,0
BRDA:105,737,1,0
BRDA:105,738,0,0
BRDA:105,738,1,0
BRDA:106,739,0,0
BRDA:106,739,1,0
BRDA:106,740,0,0
BRDA:106,740,1,0
BRDA:106,741,0,0
BRDA:106,741,1,0
BRDA:106,742,0,0
BRDA:106,742,1,0
BRDA:106,743,0,0
BRDA:106,743,1,0
BRDA:107,744,0,0
BRDA:107,744,1,0
BRDA:107,745,0,0
BRDA:107,745,1,0
BRDA:107,745,2,0
BRDA:107,746,0,0
BRDA:107,746,1,0
BRDA:107,747,0,0
BRDA:107,747,1,0
BRDA:107,748,0,0
BRDA:107,748,1,0
BRDA:107,749,0,0
BRDA:107,749,1,0
BRDA:107,750,0,0
BRDA:107,750,1,0
BRDA:107,751,0,0
BRDA:107,751,1,0
BRDA:107,752,0,0
BRDA:107,752,1,0
BRDA:107,753,0,0
BRDA:107,753,1,0
BRDA:107,754,0,0
BRDA:107,754,1,0
BRDA:107,755,0,0
BRDA:107,755,1,0
BRDA:107,755,2,0
BRDA:107,756,0,0
BRDA:107,756,1,0
BRDA:107,756,2,0
BRDA:108,757,0,0
BRDA:108,757,1,0
BRDA:108,758,0,0
BRDA:108,758,1,0
BRDA:108,759,0,0
BRDA:108,759,1,0
BRDA:108,760,0,0
BRDA:108,760,1,0
BRDA:108,761,0,0
BRDA:108,761,1,0
BRDA:108,762,0,0
BRDA:108,762,1,0
BRDA:108,763,0,0
BRDA:108,763,1,0
BRDA:108,764,0,0
BRDA:108,764,1,0
BRDA:109,765,0,0
BRDA:109,765,1,0
BRDA:109,766,0,0
BRDA:109,766,1,0
BRDA:109,767,0,0
BRDA:109,767,1,0
BRDA:109,768,0,0
BRDA:109,768,1,0
BRDA:109,769,0,0
BRDA:109,769,1,0
BRDA:109,770,0,0
BRDA:109,770,1,0
BRDA:109,771,0,0
BRDA:109,771,1,0
BRDA:109,772,0,0
BRDA:109,772,1,0
BRDA:109,773,0,0
BRDA:109,773,1,0
BRDA:109,773,2,0
BRDA:109,773,3,0
BRDA:109,773,4,0
BRDA:109,773,5,0
BRDA:109,773,6,0
BRDA:110,774,0,0
BRDA:110,774,1,0
BRDA:110,775,0,0
BRDA:110,775,1,0
BRDA:110,776,0,0
BRDA:110,776,1,0
BRDA:110,776,2,0
BRDA:110,777,0,0
BRDA:110,777,1,0
BRDA:110,777,2,0
BRDA:110,778,0,0
BRDA:110,778,1,0
BRDA:110,779,0,0
BRDA:110,779,1,0
BRDA:110,780,0,0
BRDA:110,780,1,0
BRDA:110,781,0,0
BRDA:110,781,1,0
BRDA:110,782,0,0
BRDA:110,782,1,0
BRDA:110,783,0,0
BRDA:110,783,1,0
BRDA:110,784,0,0
BRDA:110,784,1,0
BRDA:110,785,0,0
BRDA:110,785,1,0
BRDA:111,786,0,0
BRDA:111,786,1,0
BRDA:111,787,0,0
BRDA:111,787,1,0
BRDA:112,788,0,0
BRDA:112,788,1,0
BRDA:112,788,2,0
BRDA:112,788,3,0
BRDA:112,789,0,0
BRDA:112,789,1,0
BRDA:112,790,0,0
BRDA:112,790,1,0
BRDA:112,791,0,0
BRDA:112,791,1,0
BRDA:112,792,0,0
BRDA:112,792,1,0
BRDA:112,793,0,0
BRDA:112,793,1,0
BRDA:112,793,2,0
BRDA:113,794,0,0
BRDA:113,794,1,0
BRDA:113,795,0,0
BRDA:113,795,1,0
BRDA:113,795,2,0
BRDA:113,796,0,0
BRDA:113,796,1,0
BRDA:113,796,2,0
BRDA:114,797,0,0
BRDA:114,797,1,0
BRDA:114,798,0,0
BRDA:114,798,1,0
BRDA:114,799,0,0
BRDA:114,799,1,0
BRDA:114,799,2,0
BRDA:114,799,3,0
BRDA:114,800,0,0
BRDA:114,800,1,0
BRDA:114,801,0,0
BRDA:114,801,1,0
BRDA:115,802,0,0
BRDA:115,802,1,0
BRDA:115,802,2,0
BRDA:115,802,3,0
BRDA:115,803,0,0
BRDA:115,803,1,0
BRDA:115,804,0,0
BRDA:115,804,1,0
BRDA:115,805,0,0
BRDA:115,805,1,0
BRDA:115,806,0,0
BRDA:115,806,1,0
BRDA:115,807,0,0
BRDA:115,807,1,0
BRDA:115,808,0,0
BRDA:115,808,1,0
BRDA:115,809,0,0
BRDA:115,809,1,0
BRDA:115,809,2,0
BRDA:115,810,0,0
BRDA:115,810,1,0
BRDA:115,811,0,0
BRDA:115,811,1,0
BRDA:115,812,0,0
BRDA:115,812,1,0
BRDA:115,813,0,0
BRDA:115,813,1,0
BRDA:116,814,0,0
BRDA:116,814,1,0
BRDA:116,814,2,0
BRDA:116,815,0,0
BRDA:116,815,1,0
BRDA:116,816,0,0
BRDA:116,816,1,0
BRDA:116,817,0,0
BRDA:116,817,1,0
BRDA:116,818,0,0
BRDA:116,818,1,0
BRDA:116,819,0,0
BRDA:116,819,1,0
BRDA:116,820,0,0
BRDA:116,820,1,0
BRDA:116,821,0,0
BRDA:116,821,1,0
BRDA:116,822,0,0
BRDA:116,822,1,0
BRDA:116,823,0,0
BRDA:116,823,1,0
BRDA:116,824,0,0
BRDA:116,824,1,0
BRDA:116,825,0,0
BRDA:116,825,1,0
BRDA:117,826,0,0
BRDA:117,826,1,0
BRDA:117,827,0,0
BRDA:117,827,1,0
BRDA:117,828,0,0
BRDA:117,828,1,0
BRDA:117,829,0,0
BRDA:117,829,1,0
BRDA:117,830,0,0
BRDA:117,830,1,0
BRDA:118,831,0,0
BRDA:118,831,1,0
BRDA:118,832,0,0
BRDA:118,832,1,0
BRDA:118,833,0,0
BRDA:118,833,1,0
BRDA:118,834,0,0
BRDA:118,834,1,0
BRDA:118,835,0,0
BRDA:118,835,1,0
BRDA:118,836,0,0
BRDA:118,836,1,0
BRDA:118,837,0,0
BRDA:118,837,1,0
BRDA:118,838,0,0
BRDA:118,838,1,0
BRDA:118,839,0,0
BRDA:118,839,1,0
BRDA:118,840,0,0
BRDA:118,840,1,0
BRDA:118,841,0,0
BRDA:118,841,1,0
BRDA:118,842,0,0
BRDA:118,842,1,0
BRDA:119,843,0,0
BRDA:119,843,1,0
BRDA:119,844,0,0
BRDA:119,844,1,0
BRDA:119,845,0,0
BRDA:119,845,1,0
BRDA:119,846,0,0
BRDA:119,846,1,0
BRDA:119,847,0,0
BRDA:119,847,1,0
BRDA:119,848,0,0
BRDA:119,848,1,0
BRDA:119,849,0,0
BRDA:119,849,1,0
BRDA:119,850,0,0
BRDA:119,850,1,0
BRDA:120,851,0,0
BRDA:120,851,1,0
BRDA:120,852,0,0
BRDA:120,852,1,0
BRDA:120,853,0,0
BRDA:120,853,1,0
BRDA:120,854,0,0
BRDA:120,854,1,0
BRDA:120,855,0,0
BRDA:120,855,1,0
BRDA:120,856,0,0
BRDA:120,856,1,0
BRDA:120,857,0,0
BRDA:120,857,1,0
BRDA:120,858,0,0
BRDA:120,858,1,0
BRDA:120,859,0,0
BRDA:120,859,1,0
BRDA:120,859,2,0
BRDA:121,860,0,0
BRDA:121,860,1,0
BRDA:121,861,0,0
BRDA:121,861,1,0
BRDA:121,861,2,0
BRDA:121,862,0,0
BRDA:121,862,1,0
BRDA:121,863,0,0
BRDA:121,863,1,0
BRDA:121,864,0,0
BRDA:121,864,1,0
BRDA:121,865,0,0
BRDA:121,865,1,0
BRDA:121,865,2,0
BRDA:121,865,3,0
BRDA:122,866,0,0
BRDA:122,866,1,0
BRDA:122,867,0,0
BRDA:122,867,1,0
BRDA:122,868,0,0
BRDA:122,868,1,0
BRDA:122,869,0,0
BRDA:122,869,1,0
BRDA:122,870,0,0
BRDA:122,870,1,0
BRDA:122,871,0,0
BRDA:122,871,1,0
BRDA:122,872,0,0
BRDA:122,872,1,0
BRDA:122,873,0,0
BRDA:122,873,1,0
BRDA:122,873,2,0
BRDA:122,874,0,0
BRDA:122,874,1,0
BRDA:123,875,0,0
BRDA:123,875,1,0
BRDA:123,876,0,0
BRDA:123,876,1,0
BRDA:123,876,2,0
BRDA:123,877,0,0
BRDA:123,877,1,0
BRDA:123,878,0,0
BRDA:123,878,1,0
BRDA:123,879,0,0
BRDA:123,879,1,0
BRDA:123,880,0,0
BRDA:123,880,1,0
BRDA:123,881,0,0
BRDA:123,881,1,0
BRDA:123,882,0,0
BRDA:123,882,1,0
BRDA:123,883,0,0
BRDA:123,883,1,0
BRDA:123,884,0,0
BRDA:123,884,1,0
BRDA:123,885,0,0
BRDA:123,885,1,0
BRDA:123,886,0,0
BRDA:123,886,1,0
BRDA:123,887,0,0
BRDA:123,887,1,0
BRDA:123,888,0,0
BRDA:123,888,1,0
BRDA:124,889,0,0
BRDA:124,889,1,0
BRDA:124,889,2,0
BRDA:124,890,0,0
BRDA:124,890,1,0
BRDA:124,891,0,0
BRDA:124,891,1,0
BRDA:124,892,0,0
BRDA:124,892,1,0
BRDA:124,893,0,0
BRDA:124,893,1,0
BRDA:124,893,2,0
BRDA:124,893,3,0
BRDA:124,894,0,0
BRDA:124,894,1,0
BRDA:125,895,0,0
BRDA:125,895,1,0
BRDA:125,896,0,0
BRDA:125,896,1,0
BRDA:125,897,0,0
BRDA:125,897,1,0
BRDA:125,897,2,0
BRDA:125,898,0,0
BRDA:125,898,1,0
BRDA:125,899,0,0
BRDA:125,899,1,0
BRDA:125,899,2,0
BRDA:125,899,3,0
BRDA:125,900,0,0
BRDA:125,900,1,0
BRDA:125,900,2,0
BRDA:125,901,0,0
BRDA:125,901,1,0
BRDA:126,902,0,0
BRDA:126,902,1,0
BRDA:126,903,0,0
BRDA:126,903,1,0
BRDA:126,904,0,0
BRDA:126,904,1,0
BRDA:126,905,0,0
BRDA:126,905,1,0
BRDA:126,906,0,0
BRDA:126,906,1,0
BRDA:126,907,0,0
BRDA:126,907,1,0
BRDA:126,908,0,0
BRDA:126,908,1,0
BRDA:126,909,0,0
BRDA:126,909,1,0
BRDA:126,910,0,0
BRDA:126,910,1,0
BRDA:127,911,0,0
BRDA:127,911,1,0
BRDA:128,912,0,0
BRDA:128,912,1,0
BRDA:128,913,0,0
BRDA:128,913,1,0
BRDA:128,914,0,0
BRDA:128,914,1,0
BRDA:128,915,0,0
BRDA:128,915,1,0
BRDA:128,916,0,0
BRDA:128,916,1,0
BRDA:129,917,0,0
BRDA:129,917,1,0
BRDA:129,918,0,0
BRDA:129,918,1,0
BRDA:129,919,0,0
BRDA:129,919,1,0
BRDA:129,920,0,0
BRDA:129,920,1,0
BRDA:129,921,0,0
BRDA:129,921,1,0
BRDA:129,922,0,0
BRDA:129,922,1,0
BRDA:129,923,0,0
BRDA:129,923,1,0
BRDA:129,924,0,0
BRDA:129,924,1,0
BRDA:129,925,0,0
BRDA:129,925,1,0
BRDA:129,925,2,0
BRDA:129,926,0,0
BRDA:129,926,1,0
BRDA:129,927,0,0
BRDA:129,927,1,0
BRDA:129,928,0,0
BRDA:129,928,1,0
BRDA:129,929,0,0
BRDA:129,929,1,0
BRDA:130,930,0,0
BRDA:130,930,1,0
BRDA:130,931,0,0
BRDA:130,931,1,0
BRDA:130,932,0,0
BRDA:130,932,1,0
BRDA:130,933,0,0
BRDA:130,933,1,0
BRDA:130,934,0,0
BRDA:130,934,1,0
BRDA:130,934,2,0
BRDA:130,934,3,0
BRDA:130,935,0,0
BRDA:130,935,1,0
BRDA:130,936,0,0
BRDA:130,936,1,0
BRDA:130,937,0,0
BRDA:130,937,1,0
BRDA:130,938,0,0
BRDA:130,938,1,0
BRDA:130,939,0,0
BRDA:130,939,1,0
BRDA:130,940,0,0
BRDA:130,940,1,0
BRDA:130,941,0,0
BRDA:130,941,1,0
BRDA:130,942,0,0
BRDA:130,942,1,0
BRDA:130,943,0,0
BRDA:130,943,1,0
BRDA:131,944,0,0
BRDA:131,944,1,0
BRDA:131,945,0,0
BRDA:131,945,1,0
BRDA:131,946,0,0
BRDA:131,946,1,0
BRDA:131,947,0,0
BRDA:131,947,1,0
BRDA:132,948,0,0
BRDA:132,948,1,0
BRDA:132,949,0,0
BRDA:132,949,1,0
BRDA:132,950,0,0
BRDA:132,950,1,0
BRDA:132,951,0,0
BRDA:132,951,1,0
BRDA:132,951,2,0
BRDA:133,952,0,0
BRDA:133,952,1,0
BRDA:133,953,0,0
BRDA:133,953,1,0
BRDA:133,954,0,0
BRDA:133,954,1,0
BRDA:133,954,2,0
BRDA:133,954,3,0
BRDA:133,955,0,0
BRDA:133,955,1,0
BRDA:133,956,0,0
BRDA:133,956,1,0
BRDA:133,957,0,0
BRDA:133,957,1,0
BRDA:133,958,0,0
BRDA:133,958,1,0
BRDA:133,958,2,0
BRDA:133,958,3,0
BRDA:133,958,4,0
BRDA:133,959,0,0
BRDA:133,959,1,0
BRDA:133,960,0,0
BRDA:133,960,1,0
BRDA:133,961,0,0
BRDA:133,961,1,0
BRDA:133,961,2,0
BRDA:134,962,0,0
BRDA:134,962,1,0
BRDA:134,962,2,0
BRDA:135,963,0,0
BRDA:135,963,1,0
BRDA:136,964,0,0
BRDA:136,964,1,0
BRDA:136,965,0,0
BRDA:136,965,1,0
BRDA:136,966,0,0
BRDA:136,966,1,0
BRDA:136,967,0,0
BRDA:136,967,1,0
BRDA:136,967,2,0
BRDA:136,968,0,0
BRDA:136,968,1,0
BRDA:136,969,0,0
BRDA:136,969,1,0
BRDA:136,970,0,0
BRDA:136,970,1,0
BRDA:137,971,0,0
BRDA:137,971,1,0
BRDA:137,972,0,0
BRDA:137,972,1,0
BRDA:137,973,0,0
BRDA:137,973,1,0
BRDA:137,974,0,0
BRDA:137,974,1,0
BRDA:138,975,0,0
BRDA:138,975,1,0
BRDA:138,976,0,0
BRDA:138,976,1,0
BRDA:138,977,0,0
BRDA:138,977,1,0
BRDA:138,978,0,0
BRDA:138,978,1,0
BRDA:138,979,0,0
BRDA:138,979,1,0
BRDA:138,980,0,0
BRDA:138,980,1,0
BRDA:138,981,0,0
BRDA:138,981,1,0
BRDA:139,982,0,0
BRDA:139,982,1,0
BRDA:139,983,0,0
BRDA:139,983,1,0
BRDA:139,984,0,0
BRDA:139,984,1,0
BRDA:139,985,0,0
BRDA:139,985,1,0
BRDA:139,985,2,0
BRDA:139,986,0,0
BRDA:139,986,1,0
BRDA:140,987,0,0
BRDA:140,987,1,0
BRDA:140,988,0,0
BRDA:140,988,1,0
BRDA:140,989,0,0
BRDA:140,989,1,0
BRDA:140,990,0,0
BRDA:140,990,1,0
BRDA:140,991,0,0
BRDA:140,991,1,0
BRDA:140,992,0,0
BRDA:140,992,1,0
BRDA:140,993,0,0
BRDA:140,993,1,0
BRDA:140,993,2,0
BRDA:140,993,3,0
BRDA:140,993,4,0
BRDA:140,994,0,0
BRDA:140,994,1,0
BRDA:140,995,0,0
BRDA:140,995,1,0
BRDA:141,996,0,0
BRDA:141,996,1,0
BRDA:141,997,0,0
BRDA:141,997,1,0
BRDA:141,998,0,0
BRDA:141,998,1,0
BRDA:141,999,0,0
BRDA:141,999,1,0
BRDA:141,1000,0,0
BRDA:141,1000,1,0
BRDA:141,1001,0,0
BRDA:141,1001,1,0
BRDA:141,1002,0,0
BRDA:141,1002,1,0
BRDA:142,1003,0,0
BRDA:142,1003,1,0
BRDA:142,1004,0,0
BRDA:142,1004,1,0
BRDA:142,1005,0,0
BRDA:142,1005,1,0
BRDA:142,1005,2,0
BRDA:142,1005,3,0
BRDA:142,1006,0,0
BRDA:142,1006,1,0
BRDA:142,1007,0,0
BRDA:142,1007,1,0
BRDA:142,1008,0,0
BRDA:142,1008,1,0
BRDA:142,1009,0,0
BRDA:142,1009,1,0
BRDA:142,1010,0,0
BRDA:142,1010,1,0
BRDA:142,1011,0,0
BRDA:142,1011,1,0
BRDA:142,1011,2,0
BRDA:142,1011,3,0
BRDA:143,1012,0,0
BRDA:143,1012,1,0
BRDA:143,1013,0,0
BRDA:143,1013,1,0
BRDA:143,1014,0,0
BRDA:143,1014,1,0
BRDA:143,1015,0,0
BRDA:143,1015,1,0
BRDA:143,1016,0,0
BRDA:143,1016,1,0
BRDA:143,1017,0,0
BRDA:143,1017,1,0
BRDA:143,1017,2,0
BRDA:143,1018,0,0
BRDA:143,1018,1,0
BRDA:143,1019,0,0
BRDA:143,1019,1,0
BRDA:143,1019,2,0
BRDA:143,1020,0,0
BRDA:143,1020,1,0
BRDA:143,1021,0,0
BRDA:143,1021,1,0
BRDA:143,1022,0,0
BRDA:143,1022,1,0
BRDA:143,1022,2,0
BRDA:143,1022,3,0
BRDA:143,1022,4,0
BRDA:143,1022,5,0
BRDA:143,1022,6,0
BRDA:143,1022,7,0
BRDA:143,1022,8,0
BRDA:144,1023,0,0
BRDA:144,1023,1,0
BRDA:144,1023,2,0
BRDA:144,1024,0,0
BRDA:144,1024,1,0
BRDA:144,1025,0,0
BRDA:144,1025,1,0
BRDA:144,1026,0,0
BRDA:144,1026,1,0
BRDA:144,1027,0,0
BRDA:144,1027,1,0
BRDA:144,1028,0,0
BRDA:144,1028,1,0
BRDA:144,1029,0,0
BRDA:144,1029,1,0
BRDA:144,1029,2,0
BRDA:144,1029,3,0
BRDA:145,1030,0,0
BRDA:145,1030,1,0
BRDA:145,1031,0,0
BRDA:145,1031,1,0
BRDA:145,1032,0,0
BRDA:145,1032,1,0
BRDA:145,1032,2,0
BRDA:145,1032,3,0
BRDA:145,1032,4,0
BRDA:145,1033,0,0
BRDA:145,1033,1,0
BRDA:145,1034,0,0
BRDA:145,1034,1,0
BRDA:145,1035,0,0
BRDA:145,1035,1,0
BRDA:145,1036,0,0
BRDA:145,1036,1,0
BRDA:145,1037,0,0
BRDA:145,1037,1,0
BRDA:146,1038,0,0
BRDA:146,1038,1,0
BRDA:146,1038,2,0
BRDA:146,1038,3,0
BRDA:146,1039,0,0
BRDA:146,1039,1,0
BRDA:146,1040,0,0
BRDA:146,1040,1,0
BRDA:146,1041,0,0
BRDA:146,1041,1,0
BRDA:146,1042,0,0
BRDA:146,1042,1,0
BRDA:146,1043,0,0
BRDA:146,1043,1,0
BRDA:146,1044,0,0
BRDA:146,1044,1,0
BRDA:146,1045,0,0
BRDA:146,1045,1,0
BRDA:146,1046,0,0
BRDA:146,1046,1,0
BRDA:146,1046,2,0
BRDA:147,1047,0,0
BRDA:147,1047,1,0
BRDA:147,1047,2,0
BRDA:147,1048,0,0
BRDA:147,1048,1,0
BRDA:147,1049,0,0
BRDA:147,1049,1,0
BRDA:147,1050,0,0
BRDA:147,1050,1,0
BRDA:147,1051,0,0
BRDA:147,1051,1,0
BRDA:147,1052,0,0
BRDA:147,1052,1,0
BRDA:147,1053,0,0
BRDA:147,1053,1,0
BRDA:147,1054,0,0
BRDA:147,1054,1,0
BRDA:147,1054,2,0
BRDA:147,1054,3,0
BRDA:148,1055,0,0
BRDA:148,1055,1,0
BRDA:148,1056,0,0
BRDA:148,1056,1,0
BRDA:148,1057,0,0
BRDA:148,1057,1,0
BRDA:148,1058,0,0
BRDA:148,1058,1,0
BRDA:148,1059,0,0
BRDA:148,1059,1,0
BRDA:148,1060,0,0
BRDA:148,1060,1,0
BRDA:148,1061,0,0
BRDA:148,1061,1,0
BRDA:148,1062,0,0
BRDA:148,1062,1,0
BRDA:148,1063,0,0
BRDA:148,1063,1,0
BRDA:149,1064,0,0
BRDA:149,1064,1,0
BRDA:149,1065,0,0
BRDA:149,1065,1,0
BRDA:149,1066,0,0
BRDA:149,1066,1,0
BRDA:149,1067,0,0
BRDA:149,1067,1,0
BRDA:149,1068,0,0
BRDA:149,1068,1,0
BRDA:149,1069,0,0
BRDA:149,1069,1,0
BRDA:150,1070,0,0
BRDA:150,1070,1,0
BRDA:150,1071,0,0
BRDA:150,1071,1,0
BRDA:150,1072,0,0
BRDA:150,1072,1,0
BRDA:150,1073,0,0
BRDA:150,1073,1,0
BRDA:150,1074,0,0
BRDA:150,1074,1,0
BRDA:150,1074,2,0
BRDA:150,1074,3,0
BRDA:150,1075,0,0
BRDA:150,1075,1,0
BRDA:150,1076,0,0
BRDA:150,1076,1,0
BRDA:150,1077,0,0
BRDA:150,1077,1,0
BRDA:150,1078,0,0
BRDA:150,1078,1,0
BRDA:150,1078,2,0
BRDA:151,1079,0,0
BRDA:151,1079,1,0
BRDA:151,1079,2,0
BRDA:151,1079,3,0
BRDA:151,1080,0,0
BRDA:151,1080,1,0
BRDA:151,1080,2,0
BRDA:151,1081,0,0
BRDA:151,1081,1,0
BRDA:151,1081,2,0
BRDA:151,1082,0,0
BRDA:151,1082,1,0
BRDA:151,1083,0,0
BRDA:151,1083,1,0
BRDA:151,1083,2,0
BRDA:151,1084,0,0
BRDA:151,1084,1,0
BRDA:151,1085,0,0
BRDA:151,1085,1,0
BRDA:151,1086,0,0
BRDA:151,1086,1,0
BRDA:151,1087,0,0
BRDA:151,1087,1,0
BRDA:151,1087,2,0
BRDA:151,1088,0,0
BRDA:151,1088,1,0
BRDA:152,1089,0,0
BRDA:152,1089,1,0
BRDA:152,1090,0,0
BRDA:152,1090,1,0
BRDA:152,1091,0,0
BRDA:152,1091,1,0
BRDA:152,1092,0,0
BRDA:152,1092,1,0
BRDA:152,1093,0,0
BRDA:152,1093,1,0
BRDA:152,1094,0,0
BRDA:152,1094,1,0
BRDA:152,1095,0,0
BRDA:152,1095,1,0
BRDA:152,1096,0,0
BRDA:152,1096,1,0
BRDA:152,1097,0,0
BRDA:152,1097,1,0
BRDA:152,1098,0,0
BRDA:152,1098,1,0
BRDA:153,1099,0,0
BRDA:153,1099,1,0
BRDA:153,1100,0,0
BRDA:153,1100,1,0
BRDA:153,1100,2,0
BRDA:153,1100,3,0
BRDA:153,1101,0,0
BRDA:153,1101,1,0
BRDA:153,1102,0,0
BRDA:153,1102,1,0
BRDA:153,1102,2,0
BRDA:153,1103,0,0
BRDA:153,1103,1,0
BRDA:153,1104,0,0
BRDA:153,1104,1,0
BRDA:153,1105,0,0
BRDA:153,1105,1,0
BRDA:153,1106,0,0
BRDA:153,1106,1,0
BRDA:153,1107,0,0
BRDA:153,1107,1,0
BRDA:153,1107,2,0
BRDA:154,1108,0,0
BRDA:154,1108,1,0
BRDA:154,1109,0,0
BRDA:154,1109,1,0
BRDA:154,1110,0,0
BRDA:154,1110,1,0
BRDA:154,1110,2,0
BRDA:154,1111,0,0
BRDA:154,1111,1,0
BRDA:154,1112,0,0
BRDA:154,1112,1,0
BRDA:154,1113,0,0
BRDA:154,1113,1,0
BRDA:154,1114,0,0
BRDA:154,1114,1,0
BRDA:154,1114,2,0
BRDA:154,1115,0,0
BRDA:154,1115,1,0
BRDA:154,1116,0,0
BRDA:154,1116,1,0
BRDA:155,1117,0,0
BRDA:155,1117,1,0
BRDA:155,1118,0,0
BRDA:155,1118,1,0
BRDA:155,1119,0,0
BRDA:155,1119,1,0
BRDA:155,1119,2,0
BRDA:155,1120,0,0
BRDA:155,1120,1,0
BRDA:155,1120,2,0
BRDA:155,1120,3,0
BRDA:155,1121,0,0
BRDA:155,1121,1,0
BRDA:156,1122,0,0
BRDA:156,1122,1,0
BRDA:156,1123,0,0
BRDA:156,1123,1,0
BRDA:156,1124,0,0
BRDA:156,1124,1,0
BRDA:156,1125,0,0
BRDA:156,1125,1,0
BRDA:156,1126,0,0
BRDA:156,1126,1,0
BRDA:157,1127,0,0
BRDA:157,1127,1,0
BRDA:157,1128,0,0
BRDA:157,1128,1,0
BRDA:157,1129,0,0
BRDA:157,1129,1,0
BRDA:157,1130,0,0
BRDA:157,1130,1,0
BRDA:157,1131,0,0
BRDA:157,1131,1,0
BRDA:157,1132,0,0
BRDA:157,1132,1,0
BRDA:157,1133,0,0
BRDA:157,1133,1,0
BRDA:158,1134,0,0
BRDA:158,1134,1,0
BRDA:158,1134,2,0
BRDA:158,1134,3,0
BRDA:158,1134,4,0
BRDA:158,1135,0,0
BRDA:158,1135,1,0
BRDA:158,1136,0,0
BRDA:158,1136,1,0
BRDA:159,1137,0,0
BRDA:159,1137,1,0
BRDA:159,1138,0,0
BRDA:159,1138,1,0
BRDA:159,1139,0,0
BRDA:159,1139,1,0
BRDA:160,1140,0,0
BRDA:160,1140,1,0
BRDA:160,1141,0,0
BRDA:160,1141,1,0
BRDA:161,1142,0,0
BRDA:161,1142,1,0
BRDA:161,1143,0,0
BRDA:161,1143,1,0
BRDA:161,1144,0,0
BRDA:161,1144,1,0
BRDA:161,1145,0,0
BRDA:161,1145,1,0
BRDA:161,1146,0,0
BRDA:161,1146,1,0
BRDA:161,1147,0,0
BRDA:161,1147,1,0
BRDA:161,1148,0,0
BRDA:161,1148,1,0
BRDA:161,1149,0,0
BRDA:161,1149,1,0
BRDA:161,1150,0,0
BRDA:161,1150,1,0
BRDA:161,1151,0,0
BRDA:161,1151,1,0
BRDA:161,1152,0,0
BRDA:161,1152,1,0
BRDA:161,1153,0,0
BRDA:161,1153,1,0
BRDA:161,1154,0,0
BRDA:161,1154,1,0
BRDA:161,1155,0,0
BRDA:161,1155,1,0
BRDA:161,1156,0,0
BRDA:161,1156,1,0
BRDA:161,1157,0,0
BRDA:161,1157,1,0
BRDA:161,1158,0,0
BRDA:161,1158,1,0
BRDA:161,1159,0,0
BRDA:161,1159,1,0
BRDA:161,1159,2,0
BRDA:161,1160,0,0
BRDA:161,1160,1,0
BRDA:161,1161,0,0
BRDA:161,1161,1,0
BRDA:162,1162,0,0
BRDA:162,1162,1,0
BRDA:162,1163,0,0
BRDA:162,1163,1,0
BRDA:162,1164,0,0
BRDA:162,1164,1,0
BRDA:162,1165,0,0
BRDA:162,1165,1,0
BRDA:162,1166,0,0
BRDA:162,1166,1,0
BRDA:162,1167,0,0
BRDA:162,1167,1,0
BRDA:162,1168,0,0
BRDA:162,1168,1,0
BRDA:162,1169,0,0
BRDA:162,1169,1,0
BRDA:162,1170,0,0
BRDA:162,1170,1,0
BRDA:162,1171,0,0
BRDA:162,1171,1,0
BRDA:162,1172,0,0
BRDA:162,1172,1,0
BRDA:162,1173,0,0
BRDA:162,1173,1,0
BRDA:162,1174,0,0
BRDA:162,1174,1,0
BRDA:162,1175,0,0
BRDA:162,1175,1,0
BRDA:162,1176,0,0
BRDA:162,1176,1,0
BRDA:162,1177,0,0
BRDA:162,1177,1,0
BRDA:162,1177,2,0
BRDA:163,1178,0,0
BRDA:163,1178,1,0
BRDA:163,1179,0,0
BRDA:163,1179,1,0
BRDA:163,1180,0,0
BRDA:163,1180,1,0
BRDA:163,1181,0,0
BRDA:163,1181,1,0
BRDA:163,1182,0,0
BRDA:163,1182,1,0
BRDA:163,1183,0,0
BRDA:163,1183,1,0
BRDA:163,1184,0,0
BRDA:163,1184,1,0
BRDA:163,1185,0,0
BRDA:163,1185,1,0
BRDA:163,1186,0,0
BRDA:163,1186,1,0
BRDA:163,1187,0,0
BRDA:163,1187,1,0
BRDA:163,1188,0,0
BRDA:163,1188,1,0
BRDA:163,1189,0,0
BRDA:163,1189,1,0
BRDA:163,1190,0,0
BRDA:163,1190,1,0
BRDA:163,1191,0,0
BRDA:163,1191,1,0
BRDA:164,1192,0,0
BRDA:164,1192,1,0
BRDA:164,1193,0,0
BRDA:164,1193,1,0
BRDA:164,1194,0,0
BRDA:164,1194,1,0
BRDA:164,1194,2,0
BRDA:164,1195,0,0
BRDA:164,1195,1,0
BRDA:164,1196,0,0
BRDA:164,1196,1,0
BRDA:164,1197,0,0
BRDA:164,1197,1,0
BRDA:164,1198,0,0
BRDA:164,1198,1,0
BRDA:164,1199,0,0
BRDA:164,1199,1,0
BRDA:164,1200,0,0
BRDA:164,1200,1,0
BRDA:164,1201,0,0
BRDA:164,1201,1,0
BRDA:164,1202,0,0
BRDA:164,1202,1,0
BRDA:165,1203,0,0
BRDA:165,1203,1,0
BRDA:165,1204,0,0
BRDA:165,1204,1,0
BRDA:165,1205,0,0
BRDA:165,1205,1,0
BRDA:165,1206,0,0
BRDA:165,1206,1,0
BRDA:165,1207,0,0
BRDA:165,1207,1,0
BRDA:165,1208,0,0
BRDA:165,1208,1,0
BRDA:165,1209,0,0
BRDA:165,1209,1,0
BRDA:165,1210,0,0
BRDA:165,1210,1,0
BRDA:165,1210,2,0
BRDA:165,1210,3,0
BRDA:165,1211,0,0
BRDA:165,1211,1,0
BRDA:165,1212,0,0
BRDA:165,1212,1,0
BRDA:166,1213,0,0
BRDA:166,1213,1,0
BRDA:166,1214,0,0
BRDA:166,1214,1,0
BRDA:166,1215,0,0
BRDA:166,1215,1,0
BRDA:166,1215,2,0
BRDA:166,1215,3,0
BRDA:166,1216,0,0
BRDA:166,1216,1,0
BRDA:166,1217,0,0
BRDA:166,1217,1,0
BRDA:166,1217,2,0
BRDA:166,1218,0,0
BRDA:166,1218,1,0
BRDA:166,1219,0,0
BRDA:166,1219,1,0
BRDA:166,1220,0,0
BRDA:166,1220,1,0
BRDA:166,1221,0,0
BRDA:166,1221,1,0
BRDA:166,1222,0,0
BRDA:166,1222,1,0
BRDA:166,1223,0,0
BRDA:166,1223,1,0
BRDA:166,1224,0,0
BRDA:166,1224,1,0
BRDA:166,1224,2,0
BRDA:166,1224,3,0
BRDA:166,1224,4,0
BRDA:167,1225,0,0
BRDA:167,1225,1,0
BRDA:167,1226,0,0
BRDA:167,1226,1,0
BRDA:167,1227,0,0
BRDA:167,1227,1,0
BRDA:167,1228,0,0
BRDA:167,1228,1,0
BRDA:167,1229,0,0
BRDA:167,1229,1,0
BRDA:167,1230,0,0
BRDA:167,1230,1,0
BRDA:167,1231,0,0
BRDA:167,1231,1,0
BRDA:167,1232,0,0
BRDA:167,1232,1,0
BRDA:167,1233,0,0
BRDA:167,1233,1,0
BRDA:167,1233,2,0
BRDA:168,1234,0,0
BRDA:168,1234,1,0
BRDA:168,1235,0,0
BRDA:168,1235,1,0
BRDA:168,1236,0,0
BRDA:168,1236,1,0
BRDA:168,1236,2,0
BRDA:168,1237,0,0
BRDA:168,1237,1,0
BRDA:168,1238,0,0
BRDA:168,1238,1,0
BRDA:168,1239,0,0
BRDA:168,1239,1,0
BRDA:168,1240,0,0
BRDA:168,1240,1,0
BRDA:168,1241,0,0
BRDA:168,1241,1,0
BRDA:168,1241,2,0
BRDA:169,1242,0,0
BRDA:169,1242,1,0
BRDA:169,1243,0,0
BRDA:169,1243,1,0
BRDA:169,1244,0,0
BRDA:169,1244,1,0
BRDA:169,1244,2,0
BRDA:169,1244,3,0
BRDA:169,1244,4,0
BRDA:170,1245,0,0
BRDA:170,1245,1,0
BRDA:170,1246,0,0
BRDA:170,1246,1,0
BRDA:170,1247,0,0
BRDA:170,1247,1,0
BRDA:170,1248,0,0
BRDA:170,1248,1,0
BRDA:170,1249,0,0
BRDA:170,1249,1,0
BRDA:170,1250,0,0
BRDA:170,1250,1,0
BRDA:170,1251,0,0
BRDA:170,1251,1,0
BRDA:170,1252,0,0
BRDA:170,1252,1,0
BRDA:170,1253,0,0
BRDA:170,1253,1,0
BRDA:171,1254,0,0
BRDA:171,1254,1,0
BRDA:171,1255,0,0
BRDA:171,1255,1,0
BRDA:171,1256,0,0
BRDA:171,1256,1,0
BRDA:171,1257,0,0
BRDA:171,1257,1,0
BRDA:171,1257,2,0
BRDA:172,1258,0,0
BRDA:172,1258,1,0
BRDA:172,1259,0,0
BRDA:172,1259,1,0
BRDA:172,1260,0,0
BRDA:172,1260,1,0
BRDA:172,1260,2,0
BRDA:172,1261,0,0
BRDA:172,1261,1,0
BRDA:172,1261,2,0
BRDA:172,1262,0,0
BRDA:172,1262,1,0
BRDA:172,1263,0,0
BRDA:172,1263,1,0
BRDA:172,1264,0,0
BRDA:172,1264,1,0
BRDA:172,1265,0,0
BRDA:172,1265,1,0
BRDA:172,1266,0,0
BRDA:172,1266,1,0
BRDA:172,1267,0,0
BRDA:172,1267,1,0
BRDA:173,1268,0,0
BRDA:173,1268,1,0
BRDA:173,1269,0,0
BRDA:173,1269,1,0
BRDA:173,1270,0,0
BRDA:173,1270,1,0
BRDA:173,1271,0,0
BRDA:173,1271,1,0
BRDA:173,1272,0,0
BRDA:173,1272,1,0
BRDA:173,1273,0,0
BRDA:173,1273,1,0
BRDA:173,1274,0,0
BRDA:173,1274,1,0
BRDA:173,1274,2,0
BRDA:174,1275,0,0
BRDA:174,1275,1,0
BRDA:174,1275,2,0
BRDA:174,1276,0,0
BRDA:174,1276,1,0
BRDA:174,1276,2,0
BRDA:174,1277,0,0
BRDA:174,1277,1,0
BRDA:174,1278,0,0
BRDA:174,1278,1,0
BRDA:174,1278,2,0
BRDA:174,1279,0,0
BRDA:174,1279,1,0
BRDA:174,1280,0,0
BRDA:174,1280,1,0
BRDA:174,1281,0,0
BRDA:174,1281,1,0
BRDA:174,1282,0,0
BRDA:174,1282,1,0
BRDA:174,1283,0,0
BRDA:174,1283,1,0
BRDA:174,1283,2,0
BRDA:174,1284,0,0
BRDA:174,1284,1,0
BRDA:174,1285,0,0
BRDA:174,1285,1,0
BRDA:174,1285,2,0
BRDA:174,1286,0,0
BRDA:174,1286,1,0
BRDA:175,1287,0,0
BRDA:175,1287,1,0
BRDA:175,1288,0,0
BRDA:175,1288,1,0
BRDA:175,1289,0,0
BRDA:175,1289,1,0
BRDA:175,1290,0,0
BRDA:175,1290,1,0
BRDA:175,1291,0,0
BRDA:175,1291,1,0
BRDA:175,1292,0,0
BRDA:175,1292,1,0
BRDA:175,1293,0,0
BRDA:175,1293,1,0
BRDA:175,1294,0,0
BRDA:175,1294,1,0
BRDA:175,1295,0,0
BRDA:175,1295,1,0
BRDA:175,1296,0,0
BRDA:175,1296,1,0
BRDA:176,1297,0,0
BRDA:176,1297,1,0
BRDA:176,1298,0,0
BRDA:176,1298,1,0
BRDA:176,1298,2,0
BRDA:176,1299,0,0
BRDA:176,1299,1,0
BRDA:176,1299,2,0
BRDA:176,1300,0,0
BRDA:176,1300,1,0
BRDA:176,1301,0,0
BRDA:176,1301,1,0
BRDA:176,1302,0,0
BRDA:176,1302,1,0
BRDA:176,1303,0,0
BRDA:176,1303,1,0
BRDA:176,1304,0,0
BRDA:176,1304,1,0
BRDA:176,1305,0,0
BRDA:176,1305,1,0
BRDA:176,1306,0,0
BRDA:176,1306,1,0
BRDA:176,1307,0,0
BRDA:176,1307,1,0
BRDA:176,1307,2,0
BRDA:177,1308,0,0
BRDA:177,1308,1,0
BRDA:177,1309,0,0
BRDA:177,1309,1,0
BRDA:177,1310,0,0
BRDA:177,1310,1,0
BRDA:177,1311,0,0
BRDA:177,1311,1,0
BRDA:177,1312,0,0
BRDA:177,1312,1,0
BRDA:177,1313,0,0
BRDA:177,1313,1,0
BRDA:177,1314,0,0
BRDA:177,1314,1,0
BRDA:178,1315,0,0
BRDA:178,1315,1,0
BRDA:178,1316,0,0
BRDA:178,1316,1,0
BRDA:178,1317,0,0
BRDA:178,1317,1,0
BRDA:178,1318,0,0
BRDA:178,1318,1,0
BRDA:178,1319,0,0
BRDA:178,1319,1,0
BRDA:178,1320,0,0
BRDA:178,1320,1,0
BRDA:178,1321,0,0
BRDA:178,1321,1,0
BRDA:178,1321,2,0
BRDA:178,1321,3,0
BRDA:179,1322,0,0
BRDA:179,1322,1,0
BRDA:179,1323,0,0
BRDA:179,1323,1,0
BRDA:179,1323,2,0
BRDA:179,1323,3,0
BRDA:179,1324,0,0
BRDA:179,1324,1,0
BRDA:179,1324,2,0
BRDA:179,1324,3,0
BRDA:179,1325,0,0
BRDA:179,1325,1,0
BRDA:179,1325,2,0
BRDA:179,1326,0,0
BRDA:179,1326,1,0
BRDA:179,1327,0,0
BRDA:179,1327,1,0
BRDA:179,1328,0,0
BRDA:179,1328,1,0
BRDA:179,1329,0,0
BRDA:179,1329,1,0
BRDA:180,1330,0,0
BRDA:180,1330,1,0
BRDA:180,1331,0,0
BRDA:180,1331,1,0
BRDA:180,1332,0,0
BRDA:180,1332,1,0
BRDA:180,1333,0,0
BRDA:180,1333,1,0
BRDA:180,1334,0,0
BRDA:180,1334,1,0
BRDA:180,1335,0,0
BRDA:180,1335,1,0
BRDA:180,1336,0,0
BRDA:180,1336,1,0
BRDA:180,1337,0,0
BRDA:180,1337,1,0
BRDA:180,1338,0,0
BRDA:180,1338,1,0
BRDA:180,1339,0,0
BRDA:180,1339,1,0
BRDA:180,1340,0,0
BRDA:180,1340,1,0
BRDA:180,1341,0,0
BRDA:180,1341,1,0
BRDA:180,1342,0,0
BRDA:180,1342,1,0
BRDA:180,1343,0,0
BRDA:180,1343,1,0
BRDA:181,1344,0,0
BRDA:181,1344,1,0
BRDA:181,1345,0,0
BRDA:181,1345,1,0
BRDA:181,1346,0,0
BRDA:181,1346,1,0
BRDA:181,1346,2,0
BRDA:181,1346,3,0
BRDA:181,1346,4,0
BRDA:181,1347,0,0
BRDA:181,1347,1,0
BRDA:181,1347,2,0
BRDA:181,1347,3,0
BRDA:181,1347,4,0
BRDA:181,1348,0,0
BRDA:181,1348,1,0
BRDA:181,1349,0,0
BRDA:181,1349,1,0
BRDA:181,1350,0,0
BRDA:181,1350,1,0
BRDA:182,1351,0,0
BRDA:182,1351,1,0
BRDA:182,1352,0,0
BRDA:182,1352,1,0
BRDA:182,1353,0,0
BRDA:182,1353,1,0
BRDA:182,1354,0,0
BRDA:182,1354,1,0
BRDA:182,1355,0,0
BRDA:182,1355,1,0
BRDA:182,1356,0,0
BRDA:182,1356,1,0
BRDA:182,1357,0,0
BRDA:182,1357,1,0
BRDA:182,1358,0,0
BRDA:182,1358,1,0
BRDA:182,1358,2,0
BRDA:183,1359,0,0
BRDA:183,1359,1,0
BRDA:183,1360,0,0
BRDA:183,1360,1,0
BRDA:183,1361,0,0
BRDA:183,1361,1,0
BRDA:183,1362,0,0
BRDA:183,1362,1,0
BRDA:183,1363,0,0
BRDA:183,1363,1,0
BRDA:183,1363,2,0
BRDA:183,1364,0,0
BRDA:183,1364,1,0
BRDA:183,1365,0,0
BRDA:183,1365,1,0
BRDA:183,1365,2,0
BRDA:183,1365,3,0
BRDA:184,1366,0,0
BRDA:184,1366,1,0
BRDA:184,1367,0,0
BRDA:184,1367,1,0
BRDA:184,1368,0,0
BRDA:184,1368,1,0
BRDA:184,1369,0,0
BRDA:184,1369,1,0
BRDA:184,1370,0,0
BRDA:184,1370,1,0
BRDA:184,1371,0,0
BRDA:184,1371,1,0
BRDA:185,1372,0,0
BRDA:185,1372,1,0
BRDA:185,1373,0,0
BRDA:185,1373,1,0
BRDA:185,1373,2,0
BRDA:185,1374,0,0
BRDA:185,1374,1,0
BRDA:185,1375,0,0
BRDA:185,1375,1,0
BRDA:185,1376,0,0
BRDA:185,1376,1,0
BRDA:185,1377,0,0
BRDA:185,1377,1,0
BRDA:186,1378,0,0
BRDA:186,1378,1,0
BRDA:186,1379,0,0
BRDA:186,1379,1,0
BRDA:186,1380,0,0
BRDA:186,1380,1,0
BRDA:186,1381,0,0
BRDA:186,1381,1,0
BRDA:186,1382,0,0
BRDA:186,1382,1,0
BRDA:186,1383,0,0
BRDA:186,1383,1,0
BRDA:186,1384,0,0
BRDA:186,1384,1,0
BRDA:186,1384,2,0
BRDA:187,1385,0,0
BRDA:187,1385,1,0
BRDA:187,1386,0,0
BRDA:187,1386,1,0
BRDA:187,1387,0,0
BRDA:187,1387,1,0
BRDA:187,1388,0,0
BRDA:187,1388,1,0
BRDA:187,1389,0,0
BRDA:187,1389,1,0
BRDA:187,1390,0,0
BRDA:187,1390,1,0
BRDA:187,1391,0,0
BRDA:187,1391,1,0
BRDA:187,1392,0,0
BRDA:187,1392,1,0
BRDA:188,1393,0,0
BRDA:188,1393,1,0
BRDA:188,1393,2,0
BRDA:188,1393,3,0
BRDA:188,1394,0,0
BRDA:188,1394,1,0
BRDA:188,1394,2,0
BRDA:188,1395,0,0
BRDA:188,1395,1,0
BRDA:188,1395,2,0
BRDA:188,1395,3,0
BRDA:188,1396,0,0
BRDA:188,1396,1,0
BRDA:188,1396,2,0
BRDA:188,1397,0,0
BRDA:188,1397,1,0
BRDA:188,1398,0,0
BRDA:188,1398,1,0
BRDA:188,1399,0,0
BRDA:188,1399,1,0
BRDA:188,1400,0,0
BRDA:188,1400,1,0
BRDA:188,1401,0,0
BRDA:188,1401,1,0
BRDA:189,1402,0,0
BRDA:189,1402,1,0
BRDA:189,1402,2,0
BRDA:189,1402,3,0
BRDA:189,1402,4,0
BRDA:189,1403,0,0
BRDA:189,1403,1,0
BRDA:189,1404,0,0
BRDA:189,1404,1,0
BRDA:189,1405,0,0
BRDA:189,1405,1,0
BRDA:189,1405,2,0
BRDA:189,1405,3,0
BRDA:189,1406,0,0
BRDA:189,1406,1,0
BRDA:189,1407,0,0
BRDA:189,1407,1,0
BRDA:189,1408,0,0
BRDA:189,1408,1,0
BRDA:189,1408,2,0
BRDA:190,1409,0,0
BRDA:190,1409,1,0
BRDA:190,1410,0,0
BRDA:190,1410,1,0
BRDA:190,1411,0,0
BRDA:190,1411,1,0
BRDA:190,1412,0,0
BRDA:190,1412,1,0
BRDA:190,1413,0,0
BRDA:190,1413,1,0
BRDA:190,1413,2,0
BRDA:190,1414,0,0
BRDA:190,1414,1,0
BRDA:192,1415,0,0
BRDA:192,1415,1,0
BRDA:193,1416,0,0
BRDA:193,1416,1,0
BRDA:193,1417,0,0
BRDA:193,1417,1,0
BRDA:193,1418,0,0
BRDA:193,1418,1,0
BRDA:193,1419,0,0
BRDA:193,1419,1,0
BRDA:193,1420,0,0
BRDA:193,1420,1,0
BRDA:193,1421,0,0
BRDA:193,1421,1,0
BRDA:193,1421,2,0
BRDA:193,1422,0,0
BRDA:193,1422,1,0
BRDA:193,1423,0,0
BRDA:193,1423,1,0
BRDA:193,1424,0,0
BRDA:193,1424,1,0
BRDA:193,1425,0,0
BRDA:193,1425,1,0
BRDA:194,1426,0,0
BRDA:194,1426,1,0
BRDA:194,1427,0,0
BRDA:194,1427,1,0
BRDA:194,1428,0,0
BRDA:194,1428,1,0
BRDA:194,1429,0,0
BRDA:194,1429,1,0
BRDA:194,1430,0,0
BRDA:194,1430,1,0
BRDA:194,1431,0,0
BRDA:194,1431,1,0
BRDA:194,1432,0,0
BRDA:194,1432,1,0
BRDA:194,1433,0,0
BRDA:194,1433,1,0
BRDA:195,1434,0,0
BRDA:195,1434,1,0
BRDA:195,1434,2,0
BRDA:195,1435,0,0
BRDA:195,1435,1,0
BRDA:195,1436,0,0
BRDA:195,1436,1,0
BRDA:195,1437,0,0
BRDA:195,1437,1,0
BRDA:195,1438,0,0
BRDA:195,1438,1,0
BRDA:195,1439,0,0
BRDA:195,1439,1,0
BRDA:195,1440,0,0
BRDA:195,1440,1,0
BRDA:195,1440,2,0
BRDA:195,1441,0,0
BRDA:195,1441,1,0
BRDA:195,1442,0,0
BRDA:195,1442,1,0
BRDA:195,1443,0,0
BRDA:195,1443,1,0
BRDA:196,1444,0,0
BRDA:196,1444,1,0
BRDA:196,1445,0,0
BRDA:196,1445,1,0
BRDA:196,1446,0,0
BRDA:196,1446,1,0
BRDA:196,1447,0,0
BRDA:196,1447,1,0
BRDA:196,1448,0,0
BRDA:196,1448,1,0
BRDA:196,1449,0,0
BRDA:196,1449,1,0
BRDA:196,1450,0,0
BRDA:196,1450,1,0
BRDA:196,1451,0,0
BRDA:196,1451,1,0
BRDA:196,1452,0,0
BRDA:196,1452,1,0
BRDA:196,1453,0,0
BRDA:196,1453,1,0
BRDA:196,1453,2,0
BRDA:196,1453,3,0
BRDA:196,1453,4,0
BRDA:197,1454,0,0
BRDA:197,1454,1,0
BRDA:197,1455,0,0
BRDA:197,1455,1,0
BRDA:197,1456,0,0
BRDA:197,1456,1,0
BRDA:197,1457,0,0
BRDA:197,1457,1,0
BRDA:197,1458,0,0
BRDA:197,1458,1,0
BRDA:197,1458,2,0
BRDA:197,1458,3,0
BRDA:198,1459,0,0
BRDA:198,1459,1,0
BRDA:200,1460,0,0
BRDA:200,1460,1,0
BRDA:200,1461,0,0
BRDA:200,1461,1,0
BRDA:200,1462,0,0
BRDA:200,1462,1,0
BRDA:200,1463,0,0
BRDA:200,1463,1,0
BRDA:200,1464,0,0
BRDA:200,1464,1,0
BRDA:200,1465,0,0
BRDA:200,1465,1,0
BRDA:201,1466,0,0
BRDA:201,1466,1,0
BRDA:201,1467,0,0
BRDA:201,1467,1,0
BRDA:201,1468,0,0
BRDA:201,1468,1,0
BRDA:201,1469,0,0
BRDA:201,1469,1,0
BRDA:201,1470,0,0
BRDA:201,1470,1,0
BRDA:201,1471,0,0
BRDA:201,1471,1,0
BRDA:201,1472,0,0
BRDA:201,1472,1,0
BRDA:201,1472,2,0
BRDA:201,1473,0,0
BRDA:201,1473,1,0
BRDA:202,1474,0,0
BRDA:202,1474,1,0
BRDA:202,1475,0,0
BRDA:202,1475,1,0
BRDA:202,1475,2,0
BRDA:202,1476,0,0
BRDA:202,1476,1,0
BRDA:202,1477,0,0
BRDA:202,1477,1,0
BRDA:202,1478,0,0
BRDA:202,1478,1,0
BRDA:202,1479,0,0
BRDA:202,1479,1,0
BRDA:203,1480,0,0
BRDA:203,1480,1,0
BRDA:203,1481,0,0
BRDA:203,1481,1,0
BRDA:203,1482,0,0
BRDA:203,1482,1,0
BRDA:203,1483,0,0
BRDA:203,1483,1,0
BRDA:203,1483,2,0
BRDA:203,1484,0,0
BRDA:203,1484,1,0
BRDA:203,1484,2,0
BRDA:204,1485,0,0
BRDA:204,1485,1,0
BRDA:204,1486,0,0
BRDA:204,1486,1,0
BRDA:204,1486,2,0
BRDA:204,1487,0,0
BRDA:204,1487,1,0
BRDA:204,1488,0,0
BRDA:204,1488,1,0
BRDA:204,1489,0,0
BRDA:204,1489,1,0
BRDA:204,1490,0,0
BRDA:204,1490,1,0
BRDA:204,1491,0,0
BRDA:204,1491,1,0
BRDA:204,1491,2,0
BRF:3317
BRH:1
end_of_record
